{
  message: ' Database is connected successfully',
  level: 'info',
  label: 'PH',
  timestamp: '2023-06-08T03:02:48.613Z'
}
{
  message: 'Application listening on port 5000',
  level: 'info',
  label: 'PH',
  timestamp: '2023-06-08T03:02:48.645Z'
}
{
  message: ' Database is connected successfully',
  level: 'info',
  label: 'PH',
  timestamp: '2023-06-08T03:02:55.298Z'
}
{
  message: 'Application listening on port 5000',
  level: 'info',
  label: 'PH',
  timestamp: '2023-06-08T03:02:55.319Z'
}
{
  message: ' Database is connected successfully',
  level: 'info',
  label: 'PH',
  timestamp: '2023-06-08T03:03:07.122Z'
}
{
  message: 'Application listening on port 5000',
  level: 'info',
  label: 'PH',
  timestamp: '2023-06-08T03:03:07.139Z'
}
{
  message: ' Database is connected successfully',
  level: 'info',
  label: 'PH',
  timestamp: '2023-06-08T03:03:13.008Z'
}
{
  message: 'Application listening on port 5000',
  level: 'info',
  label: 'PH',
  timestamp: '2023-06-08T03:03:13.018Z'
}
{
  message: ' Database is connected successfully',
  level: 'info',
  label: 'PH',
  timestamp: '2023-06-08T03:03:39.956Z'
}
{
  message: 'Application listening on port 5000',
  level: 'info',
  label: 'PH',
  timestamp: '2023-06-08T03:03:39.980Z'
}
{
  message: ' Database is connected successfully',
  level: 'info',
  label: 'PH',
  timestamp: '2023-06-08T03:04:12.378Z'
}
{
  message: 'Application listening on port 5000',
  level: 'info',
  label: 'PH',
  timestamp: '2023-06-08T03:04:12.398Z'
}
{
  message: ' Database is connected successfully',
  level: 'info',
  label: 'PH',
  timestamp: '2023-06-08T03:04:47.742Z'
}
{
  message: 'Application listening on port 5000',
  level: 'info',
  label: 'PH',
  timestamp: '2023-06-08T03:04:47.751Z'
}
{
  message: ' Database is connected successfully',
  level: 'info',
  label: 'PH',
  timestamp: '2023-06-08T03:04:54.669Z'
}
{
  message: 'Application listening on port 5000',
  level: 'info',
  label: 'PH',
  timestamp: '2023-06-08T03:04:54.703Z'
}
{
  message: ' Database is connected successfully',
  level: 'info',
  label: 'PH',
  timestamp: '2023-06-08T03:05:03.193Z'
}
{
  message: 'Application listening on port 5000',
  level: 'info',
  label: 'PH',
  timestamp: '2023-06-08T03:05:03.210Z'
}
{
  message: ' Database is connected successfully',
  level: 'info',
  label: 'PH',
  timestamp: '2023-06-08T03:05:07.473Z'
}
{
  message: 'Application listening on port 5000',
  level: 'info',
  label: 'PH',
  timestamp: '2023-06-08T03:05:07.512Z'
}
{
  message: ' Database is connected successfully',
  level: 'info',
  label: 'PH',
  timestamp: '2023-06-08T03:05:15.582Z'
}
{
  message: 'Application listening on port 5000',
  level: 'info',
  label: 'PH',
  timestamp: '2023-06-08T03:05:15.591Z'
}
{
  message: ' Database is connected successfully',
  level: 'info',
  label: 'PH',
  timestamp: '2023-06-08T03:05:19.522Z'
}
{
  message: 'Application listening on port 5000',
  level: 'info',
  label: 'PH',
  timestamp: '2023-06-08T03:05:19.541Z'
}
{
  message: ' Database is connected successfully',
  level: 'info',
  label: 'PH',
  timestamp: '2023-06-08T03:09:59.819Z'
}
{
  message: 'Application listening on port 5000',
  level: 'info',
  label: 'PH',
  timestamp: '2023-06-08T03:09:59.826Z'
}
{
  message: ' Database is connected successfully',
  level: 'info',
  label: 'PH',
  timestamp: '2023-06-08T03:14:13.466Z'
}
{
  message: 'Application listening on port 5000',
  level: 'info',
  label: 'PH',
  timestamp: '2023-06-08T03:14:13.486Z'
}
{
  message: ' Database is connected successfully',
  level: 'info',
  label: 'PH',
  timestamp: '2023-06-08T03:15:56.032Z'
}
{
  message: 'Application listening on port 5000',
  level: 'info',
  label: 'PH',
  timestamp: '2023-06-08T03:15:56.049Z'
}
{
  message: ' Database is connected successfully',
  level: 'info',
  label: 'PH',
  timestamp: '2023-06-08T03:34:27.860Z'
}
{
  message: 'Application listening on port 5000',
  level: 'info',
  label: 'PH',
  timestamp: '2023-06-08T03:34:27.866Z'
}
{
  message: ' Database is connected successfully',
  level: 'info',
  label: 'PH',
  timestamp: '2023-06-08T03:34:31.890Z'
}
{
  message: 'Application listening on port 5000',
  level: 'info',
  label: 'PH',
  timestamp: '2023-06-08T03:34:31.926Z'
}
{
  message: ' Database is connected successfully',
  level: 'info',
  label: 'PH',
  timestamp: '2023-06-08T03:34:59.544Z'
}
{
  message: 'Application listening on port 5000',
  level: 'info',
  label: 'PH',
  timestamp: '2023-06-08T03:34:59.562Z'
}
{
  message: ' Database is connected successfully',
  level: 'info',
  label: 'PH',
  timestamp: '2023-06-08T03:37:35.805Z'
}
{
  message: 'Application listening on port 5000',
  level: 'info',
  label: 'PH',
  timestamp: '2023-06-08T03:37:35.827Z'
}
