{
  ok: 0,
  code: 8000,
  codeName: 'AtlasError',
  connectionGeneration: 0,
  level: 'error',
  message: 'Failed to connect database bad auth : Authentication failed.',
  stack: 'MongoServerError: bad auth : Authentication failed.\n' +
    '    at Connection.onMessage (J:\\Level2\\Mission3\\university-management-auth-service\\node_modules\\mongodb\\src\\cmap\\connection.ts:413:18)\n' +
    '    at MessageStream.<anonymous> (J:\\Level2\\Mission3\\university-management-auth-service\\node_modules\\mongodb\\src\\cmap\\connection.ts:243:56)\n' +
    '    at MessageStream.emit (node:events:513:28)\n' +
    '    at processIncomingData (J:\\Level2\\Mission3\\university-management-auth-service\\node_modules\\mongodb\\src\\cmap\\message_stream.ts:187:12)\n' +
    '    at MessageStream._write (J:\\Level2\\Mission3\\university-management-auth-service\\node_modules\\mongodb\\src\\cmap\\message_stream.ts:68:5)\n' +
    '    at writeOrBuffer (node:internal/streams/writable:392:12)\n' +
    '    at _write (node:internal/streams/writable:333:10)\n' +
    '    at MessageStream.Writable.write (node:internal/streams/writable:337:10)\n' +
    '    at TLSSocket.ondata (node:internal/streams/readable:766:22)\n' +
    '    at TLSSocket.emit (node:events:513:28)',
  label: 'PH',
  timestamp: '2023-06-03T19:04:19.308Z',
  [Symbol(errorLabels)]: Set(2) { 'HandshakeError', 'ResetPool' }
}
{
  ok: 0,
  code: 8000,
  codeName: 'AtlasError',
  connectionGeneration: 0,
  level: 'error',
  message: 'Failed to connect database bad auth : Authentication failed.',
  stack: 'MongoServerError: bad auth : Authentication failed.\n' +
    '    at Connection.onMessage (J:\\Level2\\Mission3\\university-management-auth-service\\node_modules\\mongodb\\src\\cmap\\connection.ts:413:18)\n' +
    '    at MessageStream.<anonymous> (J:\\Level2\\Mission3\\university-management-auth-service\\node_modules\\mongodb\\src\\cmap\\connection.ts:243:56)\n' +
    '    at MessageStream.emit (node:events:513:28)\n' +
    '    at processIncomingData (J:\\Level2\\Mission3\\university-management-auth-service\\node_modules\\mongodb\\src\\cmap\\message_stream.ts:187:12)\n' +
    '    at MessageStream._write (J:\\Level2\\Mission3\\university-management-auth-service\\node_modules\\mongodb\\src\\cmap\\message_stream.ts:68:5)\n' +
    '    at writeOrBuffer (node:internal/streams/writable:392:12)\n' +
    '    at _write (node:internal/streams/writable:333:10)\n' +
    '    at MessageStream.Writable.write (node:internal/streams/writable:337:10)\n' +
    '    at TLSSocket.ondata (node:internal/streams/readable:766:22)\n' +
    '    at TLSSocket.emit (node:events:513:28)',
  label: 'PH',
  timestamp: '2023-06-03T19:04:29.114Z',
  [Symbol(errorLabels)]: Set(2) { 'HandshakeError', 'ResetPool' }
}
{
  ok: 0,
  code: 8000,
  codeName: 'AtlasError',
  connectionGeneration: 0,
  level: 'error',
  message: 'Failed to connect database bad auth : Authentication failed.',
  stack: 'MongoServerError: bad auth : Authentication failed.\n' +
    '    at Connection.onMessage (J:\\Level2\\Mission3\\university-management-auth-service\\node_modules\\mongodb\\src\\cmap\\connection.ts:413:18)\n' +
    '    at MessageStream.<anonymous> (J:\\Level2\\Mission3\\university-management-auth-service\\node_modules\\mongodb\\src\\cmap\\connection.ts:243:56)\n' +
    '    at MessageStream.emit (node:events:513:28)\n' +
    '    at processIncomingData (J:\\Level2\\Mission3\\university-management-auth-service\\node_modules\\mongodb\\src\\cmap\\message_stream.ts:187:12)\n' +
    '    at MessageStream._write (J:\\Level2\\Mission3\\university-management-auth-service\\node_modules\\mongodb\\src\\cmap\\message_stream.ts:68:5)\n' +
    '    at writeOrBuffer (node:internal/streams/writable:392:12)\n' +
    '    at _write (node:internal/streams/writable:333:10)\n' +
    '    at MessageStream.Writable.write (node:internal/streams/writable:337:10)\n' +
    '    at TLSSocket.ondata (node:internal/streams/readable:766:22)\n' +
    '    at TLSSocket.emit (node:events:513:28)',
  label: 'PH',
  timestamp: '2023-06-03T19:04:41.484Z',
  [Symbol(errorLabels)]: Set(2) { 'HandshakeError', 'ResetPool' }
}
{
  ok: 0,
  code: 8000,
  codeName: 'AtlasError',
  connectionGeneration: 0,
  level: 'error',
  message: 'Failed to connect database bad auth : Authentication failed.',
  stack: 'MongoServerError: bad auth : Authentication failed.\n' +
    '    at Connection.onMessage (J:\\Level2\\Mission3\\university-management-auth-service\\node_modules\\mongodb\\src\\cmap\\connection.ts:413:18)\n' +
    '    at MessageStream.<anonymous> (J:\\Level2\\Mission3\\university-management-auth-service\\node_modules\\mongodb\\src\\cmap\\connection.ts:243:56)\n' +
    '    at MessageStream.emit (node:events:513:28)\n' +
    '    at processIncomingData (J:\\Level2\\Mission3\\university-management-auth-service\\node_modules\\mongodb\\src\\cmap\\message_stream.ts:187:12)\n' +
    '    at MessageStream._write (J:\\Level2\\Mission3\\university-management-auth-service\\node_modules\\mongodb\\src\\cmap\\message_stream.ts:68:5)\n' +
    '    at writeOrBuffer (node:internal/streams/writable:392:12)\n' +
    '    at _write (node:internal/streams/writable:333:10)\n' +
    '    at MessageStream.Writable.write (node:internal/streams/writable:337:10)\n' +
    '    at TLSSocket.ondata (node:internal/streams/readable:766:22)\n' +
    '    at TLSSocket.emit (node:events:513:28)',
  label: 'PH',
  timestamp: '2023-06-03T19:05:03.294Z',
  [Symbol(errorLabels)]: Set(2) { 'HandshakeError', 'ResetPool' }
}
{
  ok: 0,
  code: 8000,
  codeName: 'AtlasError',
  connectionGeneration: 0,
  level: 'error',
  message: 'Failed to connect database bad auth : Authentication failed.',
  stack: 'MongoServerError: bad auth : Authentication failed.\n' +
    '    at Connection.onMessage (J:\\Level2\\Mission3\\university-management-auth-service\\node_modules\\mongodb\\src\\cmap\\connection.ts:413:18)\n' +
    '    at MessageStream.<anonymous> (J:\\Level2\\Mission3\\university-management-auth-service\\node_modules\\mongodb\\src\\cmap\\connection.ts:243:56)\n' +
    '    at MessageStream.emit (node:events:513:28)\n' +
    '    at processIncomingData (J:\\Level2\\Mission3\\university-management-auth-service\\node_modules\\mongodb\\src\\cmap\\message_stream.ts:187:12)\n' +
    '    at MessageStream._write (J:\\Level2\\Mission3\\university-management-auth-service\\node_modules\\mongodb\\src\\cmap\\message_stream.ts:68:5)\n' +
    '    at writeOrBuffer (node:internal/streams/writable:392:12)\n' +
    '    at _write (node:internal/streams/writable:333:10)\n' +
    '    at MessageStream.Writable.write (node:internal/streams/writable:337:10)\n' +
    '    at TLSSocket.ondata (node:internal/streams/readable:766:22)\n' +
    '    at TLSSocket.emit (node:events:513:28)',
  label: 'PH',
  timestamp: '2023-06-03T19:05:14.018Z',
  [Symbol(errorLabels)]: Set(2) { 'HandshakeError', 'ResetPool' }
}
{
  ok: 0,
  code: 8000,
  codeName: 'AtlasError',
  connectionGeneration: 0,
  level: 'error',
  message: 'Failed to connect database bad auth : Authentication failed.',
  stack: 'MongoServerError: bad auth : Authentication failed.\n' +
    '    at Connection.onMessage (J:\\Level2\\Mission3\\university-management-auth-service\\node_modules\\mongodb\\src\\cmap\\connection.ts:413:18)\n' +
    '    at MessageStream.<anonymous> (J:\\Level2\\Mission3\\university-management-auth-service\\node_modules\\mongodb\\src\\cmap\\connection.ts:243:56)\n' +
    '    at MessageStream.emit (node:events:513:28)\n' +
    '    at processIncomingData (J:\\Level2\\Mission3\\university-management-auth-service\\node_modules\\mongodb\\src\\cmap\\message_stream.ts:187:12)\n' +
    '    at MessageStream._write (J:\\Level2\\Mission3\\university-management-auth-service\\node_modules\\mongodb\\src\\cmap\\message_stream.ts:68:5)\n' +
    '    at writeOrBuffer (node:internal/streams/writable:392:12)\n' +
    '    at _write (node:internal/streams/writable:333:10)\n' +
    '    at MessageStream.Writable.write (node:internal/streams/writable:337:10)\n' +
    '    at TLSSocket.ondata (node:internal/streams/readable:766:22)\n' +
    '    at TLSSocket.emit (node:events:513:28)',
  label: 'PH',
  timestamp: '2023-06-03T19:25:38.521Z',
  [Symbol(errorLabels)]: Set(2) { 'HandshakeError', 'ResetPool' }
}
{
  ok: 0,
  code: 8000,
  codeName: 'AtlasError',
  connectionGeneration: 0,
  level: 'error',
  message: 'Failed to connect database bad auth : Authentication failed.',
  stack: 'MongoServerError: bad auth : Authentication failed.\n' +
    '    at Connection.onMessage (J:\\Level2\\Mission3\\university-management-auth-service\\node_modules\\mongodb\\src\\cmap\\connection.ts:413:18)\n' +
    '    at MessageStream.<anonymous> (J:\\Level2\\Mission3\\university-management-auth-service\\node_modules\\mongodb\\src\\cmap\\connection.ts:243:56)\n' +
    '    at MessageStream.emit (node:events:513:28)\n' +
    '    at processIncomingData (J:\\Level2\\Mission3\\university-management-auth-service\\node_modules\\mongodb\\src\\cmap\\message_stream.ts:187:12)\n' +
    '    at MessageStream._write (J:\\Level2\\Mission3\\university-management-auth-service\\node_modules\\mongodb\\src\\cmap\\message_stream.ts:68:5)\n' +
    '    at writeOrBuffer (node:internal/streams/writable:392:12)\n' +
    '    at _write (node:internal/streams/writable:333:10)\n' +
    '    at MessageStream.Writable.write (node:internal/streams/writable:337:10)\n' +
    '    at TLSSocket.ondata (node:internal/streams/readable:766:22)\n' +
    '    at TLSSocket.emit (node:events:513:28)',
  label: 'PH',
  timestamp: '2023-06-03T19:25:56.011Z',
  [Symbol(errorLabels)]: Set(2) { 'HandshakeError', 'ResetPool' }
}
{
  ok: 0,
  code: 8000,
  codeName: 'AtlasError',
  connectionGeneration: 0,
  level: 'error',
  message: 'Failed to connect database bad auth : Authentication failed.',
  stack: 'MongoServerError: bad auth : Authentication failed.\n' +
    '    at Connection.onMessage (J:\\Level2\\Mission3\\university-management-auth-service\\node_modules\\mongodb\\src\\cmap\\connection.ts:413:18)\n' +
    '    at MessageStream.<anonymous> (J:\\Level2\\Mission3\\university-management-auth-service\\node_modules\\mongodb\\src\\cmap\\connection.ts:243:56)\n' +
    '    at MessageStream.emit (node:events:513:28)\n' +
    '    at processIncomingData (J:\\Level2\\Mission3\\university-management-auth-service\\node_modules\\mongodb\\src\\cmap\\message_stream.ts:187:12)\n' +
    '    at MessageStream._write (J:\\Level2\\Mission3\\university-management-auth-service\\node_modules\\mongodb\\src\\cmap\\message_stream.ts:68:5)\n' +
    '    at writeOrBuffer (node:internal/streams/writable:392:12)\n' +
    '    at _write (node:internal/streams/writable:333:10)\n' +
    '    at MessageStream.Writable.write (node:internal/streams/writable:337:10)\n' +
    '    at TLSSocket.ondata (node:internal/streams/readable:766:22)\n' +
    '    at TLSSocket.emit (node:events:513:28)',
  label: 'PH',
  timestamp: '2023-06-03T19:26:31.287Z',
  [Symbol(errorLabels)]: Set(2) { 'HandshakeError', 'ResetPool' }
}
{
  ok: 0,
  code: 8000,
  codeName: 'AtlasError',
  connectionGeneration: 0,
  level: 'error',
  message: 'Failed to connect database bad auth : Authentication failed.',
  stack: 'MongoServerError: bad auth : Authentication failed.\n' +
    '    at Connection.onMessage (J:\\Level2\\Mission3\\university-management-auth-service\\node_modules\\mongodb\\src\\cmap\\connection.ts:413:18)\n' +
    '    at MessageStream.<anonymous> (J:\\Level2\\Mission3\\university-management-auth-service\\node_modules\\mongodb\\src\\cmap\\connection.ts:243:56)\n' +
    '    at MessageStream.emit (node:events:513:28)\n' +
    '    at processIncomingData (J:\\Level2\\Mission3\\university-management-auth-service\\node_modules\\mongodb\\src\\cmap\\message_stream.ts:187:12)\n' +
    '    at MessageStream._write (J:\\Level2\\Mission3\\university-management-auth-service\\node_modules\\mongodb\\src\\cmap\\message_stream.ts:68:5)\n' +
    '    at writeOrBuffer (node:internal/streams/writable:392:12)\n' +
    '    at _write (node:internal/streams/writable:333:10)\n' +
    '    at MessageStream.Writable.write (node:internal/streams/writable:337:10)\n' +
    '    at TLSSocket.ondata (node:internal/streams/readable:766:22)\n' +
    '    at TLSSocket.emit (node:events:513:28)',
  label: 'PH',
  timestamp: '2023-06-03T19:26:45.836Z',
  [Symbol(errorLabels)]: Set(2) { 'HandshakeError', 'ResetPool' }
}
{
  ok: 0,
  code: 8000,
  codeName: 'AtlasError',
  connectionGeneration: 0,
  level: 'error',
  message: 'Failed to connect database bad auth : Authentication failed.',
  stack: 'MongoServerError: bad auth : Authentication failed.\n' +
    '    at Connection.onMessage (J:\\Level2\\Mission3\\university-management-auth-service\\node_modules\\mongodb\\src\\cmap\\connection.ts:413:18)\n' +
    '    at MessageStream.<anonymous> (J:\\Level2\\Mission3\\university-management-auth-service\\node_modules\\mongodb\\src\\cmap\\connection.ts:243:56)\n' +
    '    at MessageStream.emit (node:events:513:28)\n' +
    '    at processIncomingData (J:\\Level2\\Mission3\\university-management-auth-service\\node_modules\\mongodb\\src\\cmap\\message_stream.ts:187:12)\n' +
    '    at MessageStream._write (J:\\Level2\\Mission3\\university-management-auth-service\\node_modules\\mongodb\\src\\cmap\\message_stream.ts:68:5)\n' +
    '    at writeOrBuffer (node:internal/streams/writable:392:12)\n' +
    '    at _write (node:internal/streams/writable:333:10)\n' +
    '    at MessageStream.Writable.write (node:internal/streams/writable:337:10)\n' +
    '    at TLSSocket.ondata (node:internal/streams/readable:766:22)\n' +
    '    at TLSSocket.emit (node:events:513:28)',
  label: 'PH',
  timestamp: '2023-06-03T19:27:14.994Z',
  [Symbol(errorLabels)]: Set(2) { 'HandshakeError', 'ResetPool' }
}
{
  ok: 0,
  code: 8000,
  codeName: 'AtlasError',
  connectionGeneration: 0,
  level: 'error',
  message: 'Failed to connect database bad auth : Authentication failed.',
  stack: 'MongoServerError: bad auth : Authentication failed.\n' +
    '    at Connection.onMessage (J:\\Level2\\Mission3\\university-management-auth-service\\node_modules\\mongodb\\src\\cmap\\connection.ts:413:18)\n' +
    '    at MessageStream.<anonymous> (J:\\Level2\\Mission3\\university-management-auth-service\\node_modules\\mongodb\\src\\cmap\\connection.ts:243:56)\n' +
    '    at MessageStream.emit (node:events:513:28)\n' +
    '    at processIncomingData (J:\\Level2\\Mission3\\university-management-auth-service\\node_modules\\mongodb\\src\\cmap\\message_stream.ts:187:12)\n' +
    '    at MessageStream._write (J:\\Level2\\Mission3\\university-management-auth-service\\node_modules\\mongodb\\src\\cmap\\message_stream.ts:68:5)\n' +
    '    at writeOrBuffer (node:internal/streams/writable:392:12)\n' +
    '    at _write (node:internal/streams/writable:333:10)\n' +
    '    at MessageStream.Writable.write (node:internal/streams/writable:337:10)\n' +
    '    at TLSSocket.ondata (node:internal/streams/readable:766:22)\n' +
    '    at TLSSocket.emit (node:events:513:28)',
  label: 'PH',
  timestamp: '2023-06-03T19:29:07.640Z',
  [Symbol(errorLabels)]: Set(2) { 'HandshakeError', 'ResetPool' }
}
{
  ok: 0,
  code: 8000,
  codeName: 'AtlasError',
  connectionGeneration: 0,
  level: 'error',
  message: 'Failed to connect database bad auth : Authentication failed.',
  stack: 'MongoServerError: bad auth : Authentication failed.\n' +
    '    at Connection.onMessage (J:\\Level2\\Mission3\\university-management-auth-service\\node_modules\\mongodb\\src\\cmap\\connection.ts:413:18)\n' +
    '    at MessageStream.<anonymous> (J:\\Level2\\Mission3\\university-management-auth-service\\node_modules\\mongodb\\src\\cmap\\connection.ts:243:56)\n' +
    '    at MessageStream.emit (node:events:513:28)\n' +
    '    at processIncomingData (J:\\Level2\\Mission3\\university-management-auth-service\\node_modules\\mongodb\\src\\cmap\\message_stream.ts:187:12)\n' +
    '    at MessageStream._write (J:\\Level2\\Mission3\\university-management-auth-service\\node_modules\\mongodb\\src\\cmap\\message_stream.ts:68:5)\n' +
    '    at writeOrBuffer (node:internal/streams/writable:392:12)\n' +
    '    at _write (node:internal/streams/writable:333:10)\n' +
    '    at MessageStream.Writable.write (node:internal/streams/writable:337:10)\n' +
    '    at TLSSocket.ondata (node:internal/streams/readable:766:22)\n' +
    '    at TLSSocket.emit (node:events:513:28)',
  label: 'PH',
  timestamp: '2023-06-03T19:29:20.351Z',
  [Symbol(errorLabels)]: Set(2) { 'HandshakeError', 'ResetPool' }
}
{
  ok: 0,
  code: 8000,
  codeName: 'AtlasError',
  connectionGeneration: 0,
  level: 'error',
  message: 'Failed to connect database bad auth : Authentication failed.',
  stack: 'MongoServerError: bad auth : Authentication failed.\n' +
    '    at Connection.onMessage (J:\\Level2\\Mission3\\university-management-auth-service\\node_modules\\mongodb\\src\\cmap\\connection.ts:413:18)\n' +
    '    at MessageStream.<anonymous> (J:\\Level2\\Mission3\\university-management-auth-service\\node_modules\\mongodb\\src\\cmap\\connection.ts:243:56)\n' +
    '    at MessageStream.emit (node:events:513:28)\n' +
    '    at processIncomingData (J:\\Level2\\Mission3\\university-management-auth-service\\node_modules\\mongodb\\src\\cmap\\message_stream.ts:187:12)\n' +
    '    at MessageStream._write (J:\\Level2\\Mission3\\university-management-auth-service\\node_modules\\mongodb\\src\\cmap\\message_stream.ts:68:5)\n' +
    '    at writeOrBuffer (node:internal/streams/writable:392:12)\n' +
    '    at _write (node:internal/streams/writable:333:10)\n' +
    '    at MessageStream.Writable.write (node:internal/streams/writable:337:10)\n' +
    '    at TLSSocket.ondata (node:internal/streams/readable:766:22)\n' +
    '    at TLSSocket.emit (node:events:513:28)',
  label: 'PH',
  timestamp: '2023-06-03T19:29:33.646Z',
  [Symbol(errorLabels)]: Set(2) { 'HandshakeError', 'ResetPool' }
}
{
  ok: 0,
  code: 8000,
  codeName: 'AtlasError',
  connectionGeneration: 0,
  level: 'error',
  message: 'Failed to connect database bad auth : Authentication failed.',
  stack: 'MongoServerError: bad auth : Authentication failed.\n' +
    '    at Connection.onMessage (J:\\Level2\\Mission3\\university-management-auth-service\\node_modules\\mongodb\\src\\cmap\\connection.ts:413:18)\n' +
    '    at MessageStream.<anonymous> (J:\\Level2\\Mission3\\university-management-auth-service\\node_modules\\mongodb\\src\\cmap\\connection.ts:243:56)\n' +
    '    at MessageStream.emit (node:events:513:28)\n' +
    '    at processIncomingData (J:\\Level2\\Mission3\\university-management-auth-service\\node_modules\\mongodb\\src\\cmap\\message_stream.ts:187:12)\n' +
    '    at MessageStream._write (J:\\Level2\\Mission3\\university-management-auth-service\\node_modules\\mongodb\\src\\cmap\\message_stream.ts:68:5)\n' +
    '    at writeOrBuffer (node:internal/streams/writable:392:12)\n' +
    '    at _write (node:internal/streams/writable:333:10)\n' +
    '    at MessageStream.Writable.write (node:internal/streams/writable:337:10)\n' +
    '    at TLSSocket.ondata (node:internal/streams/readable:766:22)\n' +
    '    at TLSSocket.emit (node:events:513:28)',
  label: 'PH',
  timestamp: '2023-06-03T19:29:37.869Z',
  [Symbol(errorLabels)]: Set(2) { 'HandshakeError', 'ResetPool' }
}
{
  ok: 0,
  code: 8000,
  codeName: 'AtlasError',
  connectionGeneration: 0,
  level: 'error',
  message: 'Failed to connect database bad auth : Authentication failed.',
  stack: 'MongoServerError: bad auth : Authentication failed.\n' +
    '    at Connection.onMessage (J:\\Level2\\Mission3\\university-management-auth-service\\node_modules\\mongodb\\src\\cmap\\connection.ts:413:18)\n' +
    '    at MessageStream.<anonymous> (J:\\Level2\\Mission3\\university-management-auth-service\\node_modules\\mongodb\\src\\cmap\\connection.ts:243:56)\n' +
    '    at MessageStream.emit (node:events:513:28)\n' +
    '    at processIncomingData (J:\\Level2\\Mission3\\university-management-auth-service\\node_modules\\mongodb\\src\\cmap\\message_stream.ts:187:12)\n' +
    '    at MessageStream._write (J:\\Level2\\Mission3\\university-management-auth-service\\node_modules\\mongodb\\src\\cmap\\message_stream.ts:68:5)\n' +
    '    at writeOrBuffer (node:internal/streams/writable:392:12)\n' +
    '    at _write (node:internal/streams/writable:333:10)\n' +
    '    at MessageStream.Writable.write (node:internal/streams/writable:337:10)\n' +
    '    at TLSSocket.ondata (node:internal/streams/readable:766:22)\n' +
    '    at TLSSocket.emit (node:events:513:28)',
  label: 'PH',
  timestamp: '2023-06-03T19:29:59.068Z',
  [Symbol(errorLabels)]: Set(2) { 'HandshakeError', 'ResetPool' }
}
{
  ok: 0,
  code: 8000,
  codeName: 'AtlasError',
  connectionGeneration: 0,
  level: 'error',
  message: 'Failed to connect database bad auth : Authentication failed.',
  stack: 'MongoServerError: bad auth : Authentication failed.\n' +
    '    at Connection.onMessage (J:\\Level2\\Mission3\\university-management-auth-service\\node_modules\\mongodb\\src\\cmap\\connection.ts:413:18)\n' +
    '    at MessageStream.<anonymous> (J:\\Level2\\Mission3\\university-management-auth-service\\node_modules\\mongodb\\src\\cmap\\connection.ts:243:56)\n' +
    '    at MessageStream.emit (node:events:513:28)\n' +
    '    at processIncomingData (J:\\Level2\\Mission3\\university-management-auth-service\\node_modules\\mongodb\\src\\cmap\\message_stream.ts:187:12)\n' +
    '    at MessageStream._write (J:\\Level2\\Mission3\\university-management-auth-service\\node_modules\\mongodb\\src\\cmap\\message_stream.ts:68:5)\n' +
    '    at writeOrBuffer (node:internal/streams/writable:392:12)\n' +
    '    at _write (node:internal/streams/writable:333:10)\n' +
    '    at MessageStream.Writable.write (node:internal/streams/writable:337:10)\n' +
    '    at TLSSocket.ondata (node:internal/streams/readable:766:22)\n' +
    '    at TLSSocket.emit (node:events:513:28)',
  label: 'PH',
  timestamp: '2023-06-03T19:30:10.654Z',
  [Symbol(errorLabels)]: Set(2) { 'HandshakeError', 'ResetPool' }
}
{
  ok: 0,
  code: 8000,
  codeName: 'AtlasError',
  connectionGeneration: 0,
  level: 'error',
  message: 'Failed to connect database bad auth : Authentication failed.',
  stack: 'MongoServerError: bad auth : Authentication failed.\n' +
    '    at Connection.onMessage (J:\\Level2\\Mission3\\university-management-auth-service\\node_modules\\mongodb\\src\\cmap\\connection.ts:413:18)\n' +
    '    at MessageStream.<anonymous> (J:\\Level2\\Mission3\\university-management-auth-service\\node_modules\\mongodb\\src\\cmap\\connection.ts:243:56)\n' +
    '    at MessageStream.emit (node:events:513:28)\n' +
    '    at processIncomingData (J:\\Level2\\Mission3\\university-management-auth-service\\node_modules\\mongodb\\src\\cmap\\message_stream.ts:187:12)\n' +
    '    at MessageStream._write (J:\\Level2\\Mission3\\university-management-auth-service\\node_modules\\mongodb\\src\\cmap\\message_stream.ts:68:5)\n' +
    '    at writeOrBuffer (node:internal/streams/writable:392:12)\n' +
    '    at _write (node:internal/streams/writable:333:10)\n' +
    '    at MessageStream.Writable.write (node:internal/streams/writable:337:10)\n' +
    '    at TLSSocket.ondata (node:internal/streams/readable:766:22)\n' +
    '    at TLSSocket.emit (node:events:513:28)',
  label: 'PH',
  timestamp: '2023-06-03T19:30:17.754Z',
  [Symbol(errorLabels)]: Set(2) { 'HandshakeError', 'ResetPool' }
}
{
  ok: 0,
  code: 8000,
  codeName: 'AtlasError',
  connectionGeneration: 0,
  level: 'error',
  message: 'Failed to connect database bad auth : Authentication failed.',
  stack: 'MongoServerError: bad auth : Authentication failed.\n' +
    '    at Connection.onMessage (J:\\Level2\\Mission3\\university-management-auth-service\\node_modules\\mongodb\\src\\cmap\\connection.ts:413:18)\n' +
    '    at MessageStream.<anonymous> (J:\\Level2\\Mission3\\university-management-auth-service\\node_modules\\mongodb\\src\\cmap\\connection.ts:243:56)\n' +
    '    at MessageStream.emit (node:events:513:28)\n' +
    '    at processIncomingData (J:\\Level2\\Mission3\\university-management-auth-service\\node_modules\\mongodb\\src\\cmap\\message_stream.ts:187:12)\n' +
    '    at MessageStream._write (J:\\Level2\\Mission3\\university-management-auth-service\\node_modules\\mongodb\\src\\cmap\\message_stream.ts:68:5)\n' +
    '    at writeOrBuffer (node:internal/streams/writable:392:12)\n' +
    '    at _write (node:internal/streams/writable:333:10)\n' +
    '    at MessageStream.Writable.write (node:internal/streams/writable:337:10)\n' +
    '    at TLSSocket.ondata (node:internal/streams/readable:766:22)\n' +
    '    at TLSSocket.emit (node:events:513:28)',
  label: 'PH',
  timestamp: '2023-06-03T19:30:29.078Z',
  [Symbol(errorLabels)]: Set(2) { 'HandshakeError', 'ResetPool' }
}
{
  ok: 0,
  code: 8000,
  codeName: 'AtlasError',
  connectionGeneration: 0,
  level: 'error',
  message: 'Failed to connect database bad auth : Authentication failed.',
  stack: 'MongoServerError: bad auth : Authentication failed.\n' +
    '    at Connection.onMessage (J:\\Level2\\Mission3\\university-management-auth-service\\node_modules\\mongodb\\src\\cmap\\connection.ts:413:18)\n' +
    '    at MessageStream.<anonymous> (J:\\Level2\\Mission3\\university-management-auth-service\\node_modules\\mongodb\\src\\cmap\\connection.ts:243:56)\n' +
    '    at MessageStream.emit (node:events:513:28)\n' +
    '    at processIncomingData (J:\\Level2\\Mission3\\university-management-auth-service\\node_modules\\mongodb\\src\\cmap\\message_stream.ts:187:12)\n' +
    '    at MessageStream._write (J:\\Level2\\Mission3\\university-management-auth-service\\node_modules\\mongodb\\src\\cmap\\message_stream.ts:68:5)\n' +
    '    at writeOrBuffer (node:internal/streams/writable:392:12)\n' +
    '    at _write (node:internal/streams/writable:333:10)\n' +
    '    at MessageStream.Writable.write (node:internal/streams/writable:337:10)\n' +
    '    at TLSSocket.ondata (node:internal/streams/readable:766:22)\n' +
    '    at TLSSocket.emit (node:events:513:28)',
  label: 'PH',
  timestamp: '2023-06-03T19:30:36.525Z',
  [Symbol(errorLabels)]: Set(2) { 'HandshakeError', 'ResetPool' }
}
{
  ok: 0,
  code: 8000,
  codeName: 'AtlasError',
  connectionGeneration: 0,
  level: 'error',
  message: 'Failed to connect database bad auth : Authentication failed.',
  stack: 'MongoServerError: bad auth : Authentication failed.\n' +
    '    at Connection.onMessage (J:\\Level2\\Mission3\\university-management-auth-service\\node_modules\\mongodb\\src\\cmap\\connection.ts:413:18)\n' +
    '    at MessageStream.<anonymous> (J:\\Level2\\Mission3\\university-management-auth-service\\node_modules\\mongodb\\src\\cmap\\connection.ts:243:56)\n' +
    '    at MessageStream.emit (node:events:513:28)\n' +
    '    at processIncomingData (J:\\Level2\\Mission3\\university-management-auth-service\\node_modules\\mongodb\\src\\cmap\\message_stream.ts:187:12)\n' +
    '    at MessageStream._write (J:\\Level2\\Mission3\\university-management-auth-service\\node_modules\\mongodb\\src\\cmap\\message_stream.ts:68:5)\n' +
    '    at writeOrBuffer (node:internal/streams/writable:392:12)\n' +
    '    at _write (node:internal/streams/writable:333:10)\n' +
    '    at MessageStream.Writable.write (node:internal/streams/writable:337:10)\n' +
    '    at TLSSocket.ondata (node:internal/streams/readable:766:22)\n' +
    '    at TLSSocket.emit (node:events:513:28)',
  label: 'PH',
  timestamp: '2023-06-03T19:30:50.963Z',
  [Symbol(errorLabels)]: Set(2) { 'HandshakeError', 'ResetPool' }
}
{
  ok: 0,
  code: 8000,
  codeName: 'AtlasError',
  connectionGeneration: 0,
  level: 'error',
  message: 'Failed to connect database bad auth : Authentication failed.',
  stack: 'MongoServerError: bad auth : Authentication failed.\n' +
    '    at Connection.onMessage (J:\\Level2\\Mission3\\university-management-auth-service\\node_modules\\mongodb\\src\\cmap\\connection.ts:413:18)\n' +
    '    at MessageStream.<anonymous> (J:\\Level2\\Mission3\\university-management-auth-service\\node_modules\\mongodb\\src\\cmap\\connection.ts:243:56)\n' +
    '    at MessageStream.emit (node:events:513:28)\n' +
    '    at processIncomingData (J:\\Level2\\Mission3\\university-management-auth-service\\node_modules\\mongodb\\src\\cmap\\message_stream.ts:187:12)\n' +
    '    at MessageStream._write (J:\\Level2\\Mission3\\university-management-auth-service\\node_modules\\mongodb\\src\\cmap\\message_stream.ts:68:5)\n' +
    '    at writeOrBuffer (node:internal/streams/writable:392:12)\n' +
    '    at _write (node:internal/streams/writable:333:10)\n' +
    '    at MessageStream.Writable.write (node:internal/streams/writable:337:10)\n' +
    '    at TLSSocket.ondata (node:internal/streams/readable:766:22)\n' +
    '    at TLSSocket.emit (node:events:513:28)',
  label: 'PH',
  timestamp: '2023-06-03T19:30:57.646Z',
  [Symbol(errorLabels)]: Set(2) { 'HandshakeError', 'ResetPool' }
}
{
  ok: 0,
  code: 8000,
  codeName: 'AtlasError',
  connectionGeneration: 0,
  level: 'error',
  message: 'Failed to connect database bad auth : Authentication failed.',
  stack: 'MongoServerError: bad auth : Authentication failed.\n' +
    '    at Connection.onMessage (J:\\Level2\\Mission3\\university-management-auth-service\\node_modules\\mongodb\\src\\cmap\\connection.ts:413:18)\n' +
    '    at MessageStream.<anonymous> (J:\\Level2\\Mission3\\university-management-auth-service\\node_modules\\mongodb\\src\\cmap\\connection.ts:243:56)\n' +
    '    at MessageStream.emit (node:events:513:28)\n' +
    '    at processIncomingData (J:\\Level2\\Mission3\\university-management-auth-service\\node_modules\\mongodb\\src\\cmap\\message_stream.ts:187:12)\n' +
    '    at MessageStream._write (J:\\Level2\\Mission3\\university-management-auth-service\\node_modules\\mongodb\\src\\cmap\\message_stream.ts:68:5)\n' +
    '    at writeOrBuffer (node:internal/streams/writable:392:12)\n' +
    '    at _write (node:internal/streams/writable:333:10)\n' +
    '    at MessageStream.Writable.write (node:internal/streams/writable:337:10)\n' +
    '    at TLSSocket.ondata (node:internal/streams/readable:766:22)\n' +
    '    at TLSSocket.emit (node:events:513:28)',
  label: 'PH',
  timestamp: '2023-06-03T19:31:36.741Z',
  [Symbol(errorLabels)]: Set(2) { 'HandshakeError', 'ResetPool' }
}
{
  ok: 0,
  code: 8000,
  codeName: 'AtlasError',
  connectionGeneration: 0,
  level: 'error',
  message: 'Failed to connect database bad auth : Authentication failed.',
  stack: 'MongoServerError: bad auth : Authentication failed.\n' +
    '    at Connection.onMessage (J:\\Level2\\Mission3\\university-management-auth-service\\node_modules\\mongodb\\src\\cmap\\connection.ts:413:18)\n' +
    '    at MessageStream.<anonymous> (J:\\Level2\\Mission3\\university-management-auth-service\\node_modules\\mongodb\\src\\cmap\\connection.ts:243:56)\n' +
    '    at MessageStream.emit (node:events:513:28)\n' +
    '    at processIncomingData (J:\\Level2\\Mission3\\university-management-auth-service\\node_modules\\mongodb\\src\\cmap\\message_stream.ts:187:12)\n' +
    '    at MessageStream._write (J:\\Level2\\Mission3\\university-management-auth-service\\node_modules\\mongodb\\src\\cmap\\message_stream.ts:68:5)\n' +
    '    at writeOrBuffer (node:internal/streams/writable:392:12)\n' +
    '    at _write (node:internal/streams/writable:333:10)\n' +
    '    at MessageStream.Writable.write (node:internal/streams/writable:337:10)\n' +
    '    at TLSSocket.ondata (node:internal/streams/readable:766:22)\n' +
    '    at TLSSocket.emit (node:events:513:28)',
  label: 'PH',
  timestamp: '2023-06-03T19:31:59.516Z',
  [Symbol(errorLabels)]: Set(2) { 'HandshakeError', 'ResetPool' }
}
{
  ok: 0,
  code: 8000,
  codeName: 'AtlasError',
  connectionGeneration: 0,
  level: 'error',
  message: 'Failed to connect database bad auth : Authentication failed.',
  stack: 'MongoServerError: bad auth : Authentication failed.\n' +
    '    at Connection.onMessage (J:\\Level2\\Mission3\\university-management-auth-service\\node_modules\\mongodb\\src\\cmap\\connection.ts:413:18)\n' +
    '    at MessageStream.<anonymous> (J:\\Level2\\Mission3\\university-management-auth-service\\node_modules\\mongodb\\src\\cmap\\connection.ts:243:56)\n' +
    '    at MessageStream.emit (node:events:513:28)\n' +
    '    at processIncomingData (J:\\Level2\\Mission3\\university-management-auth-service\\node_modules\\mongodb\\src\\cmap\\message_stream.ts:187:12)\n' +
    '    at MessageStream._write (J:\\Level2\\Mission3\\university-management-auth-service\\node_modules\\mongodb\\src\\cmap\\message_stream.ts:68:5)\n' +
    '    at writeOrBuffer (node:internal/streams/writable:392:12)\n' +
    '    at _write (node:internal/streams/writable:333:10)\n' +
    '    at MessageStream.Writable.write (node:internal/streams/writable:337:10)\n' +
    '    at TLSSocket.ondata (node:internal/streams/readable:766:22)\n' +
    '    at TLSSocket.emit (node:events:513:28)',
  label: 'PH',
  timestamp: '2023-06-03T19:32:09.248Z',
  [Symbol(errorLabels)]: Set(2) { 'HandshakeError', 'ResetPool' }
}
{
  ok: 0,
  code: 8000,
  codeName: 'AtlasError',
  connectionGeneration: 0,
  level: 'error',
  message: 'Failed to connect database bad auth : Authentication failed.',
  stack: 'MongoServerError: bad auth : Authentication failed.\n' +
    '    at Connection.onMessage (J:\\Level2\\Mission3\\university-management-auth-service\\node_modules\\mongodb\\src\\cmap\\connection.ts:413:18)\n' +
    '    at MessageStream.<anonymous> (J:\\Level2\\Mission3\\university-management-auth-service\\node_modules\\mongodb\\src\\cmap\\connection.ts:243:56)\n' +
    '    at MessageStream.emit (node:events:513:28)\n' +
    '    at processIncomingData (J:\\Level2\\Mission3\\university-management-auth-service\\node_modules\\mongodb\\src\\cmap\\message_stream.ts:187:12)\n' +
    '    at MessageStream._write (J:\\Level2\\Mission3\\university-management-auth-service\\node_modules\\mongodb\\src\\cmap\\message_stream.ts:68:5)\n' +
    '    at writeOrBuffer (node:internal/streams/writable:392:12)\n' +
    '    at _write (node:internal/streams/writable:333:10)\n' +
    '    at MessageStream.Writable.write (node:internal/streams/writable:337:10)\n' +
    '    at TLSSocket.ondata (node:internal/streams/readable:766:22)\n' +
    '    at TLSSocket.emit (node:events:513:28)',
  label: 'PH',
  timestamp: '2023-06-03T19:32:25.401Z',
  [Symbol(errorLabels)]: Set(2) { 'HandshakeError', 'ResetPool' }
}
{
  ok: 0,
  code: 8000,
  codeName: 'AtlasError',
  connectionGeneration: 0,
  level: 'error',
  message: 'Failed to connect database bad auth : Authentication failed.',
  stack: 'MongoServerError: bad auth : Authentication failed.\n' +
    '    at Connection.onMessage (J:\\Level2\\Mission3\\university-management-auth-service\\node_modules\\mongodb\\src\\cmap\\connection.ts:413:18)\n' +
    '    at MessageStream.<anonymous> (J:\\Level2\\Mission3\\university-management-auth-service\\node_modules\\mongodb\\src\\cmap\\connection.ts:243:56)\n' +
    '    at MessageStream.emit (node:events:513:28)\n' +
    '    at processIncomingData (J:\\Level2\\Mission3\\university-management-auth-service\\node_modules\\mongodb\\src\\cmap\\message_stream.ts:187:12)\n' +
    '    at MessageStream._write (J:\\Level2\\Mission3\\university-management-auth-service\\node_modules\\mongodb\\src\\cmap\\message_stream.ts:68:5)\n' +
    '    at writeOrBuffer (node:internal/streams/writable:392:12)\n' +
    '    at _write (node:internal/streams/writable:333:10)\n' +
    '    at MessageStream.Writable.write (node:internal/streams/writable:337:10)\n' +
    '    at TLSSocket.ondata (node:internal/streams/readable:766:22)\n' +
    '    at TLSSocket.emit (node:events:513:28)',
  label: 'PH',
  timestamp: '2023-06-03T19:32:39.088Z',
  [Symbol(errorLabels)]: Set(2) { 'HandshakeError', 'ResetPool' }
}
{
  ok: 0,
  code: 8000,
  codeName: 'AtlasError',
  connectionGeneration: 0,
  level: 'error',
  message: 'Failed to connect database bad auth : Authentication failed.',
  stack: 'MongoServerError: bad auth : Authentication failed.\n' +
    '    at Connection.onMessage (J:\\Level2\\Mission3\\university-management-auth-service\\node_modules\\mongodb\\src\\cmap\\connection.ts:413:18)\n' +
    '    at MessageStream.<anonymous> (J:\\Level2\\Mission3\\university-management-auth-service\\node_modules\\mongodb\\src\\cmap\\connection.ts:243:56)\n' +
    '    at MessageStream.emit (node:events:513:28)\n' +
    '    at processIncomingData (J:\\Level2\\Mission3\\university-management-auth-service\\node_modules\\mongodb\\src\\cmap\\message_stream.ts:187:12)\n' +
    '    at MessageStream._write (J:\\Level2\\Mission3\\university-management-auth-service\\node_modules\\mongodb\\src\\cmap\\message_stream.ts:68:5)\n' +
    '    at writeOrBuffer (node:internal/streams/writable:392:12)\n' +
    '    at _write (node:internal/streams/writable:333:10)\n' +
    '    at MessageStream.Writable.write (node:internal/streams/writable:337:10)\n' +
    '    at TLSSocket.ondata (node:internal/streams/readable:766:22)\n' +
    '    at TLSSocket.emit (node:events:513:28)',
  label: 'PH',
  timestamp: '2023-06-03T19:34:09.169Z',
  [Symbol(errorLabels)]: Set(2) { 'HandshakeError', 'ResetPool' }
}
{
  ok: 0,
  code: 8000,
  codeName: 'AtlasError',
  connectionGeneration: 0,
  level: 'error',
  message: 'Failed to connect database bad auth : Authentication failed.',
  stack: 'MongoServerError: bad auth : Authentication failed.\n' +
    '    at Connection.onMessage (J:\\Level2\\Mission3\\university-management-auth-service\\node_modules\\mongodb\\src\\cmap\\connection.ts:413:18)\n' +
    '    at MessageStream.<anonymous> (J:\\Level2\\Mission3\\university-management-auth-service\\node_modules\\mongodb\\src\\cmap\\connection.ts:243:56)\n' +
    '    at MessageStream.emit (node:events:513:28)\n' +
    '    at processIncomingData (J:\\Level2\\Mission3\\university-management-auth-service\\node_modules\\mongodb\\src\\cmap\\message_stream.ts:187:12)\n' +
    '    at MessageStream._write (J:\\Level2\\Mission3\\university-management-auth-service\\node_modules\\mongodb\\src\\cmap\\message_stream.ts:68:5)\n' +
    '    at writeOrBuffer (node:internal/streams/writable:392:12)\n' +
    '    at _write (node:internal/streams/writable:333:10)\n' +
    '    at MessageStream.Writable.write (node:internal/streams/writable:337:10)\n' +
    '    at TLSSocket.ondata (node:internal/streams/readable:766:22)\n' +
    '    at TLSSocket.emit (node:events:513:28)',
  label: 'PH',
  timestamp: '2023-06-03T19:34:34.667Z',
  [Symbol(errorLabels)]: Set(2) { 'HandshakeError', 'ResetPool' }
}
{
  ok: 0,
  code: 8000,
  codeName: 'AtlasError',
  connectionGeneration: 0,
  level: 'error',
  message: 'Failed to connect database bad auth : Authentication failed.',
  stack: 'MongoServerError: bad auth : Authentication failed.\n' +
    '    at Connection.onMessage (J:\\Level2\\Mission3\\university-management-auth-service\\node_modules\\mongodb\\src\\cmap\\connection.ts:413:18)\n' +
    '    at MessageStream.<anonymous> (J:\\Level2\\Mission3\\university-management-auth-service\\node_modules\\mongodb\\src\\cmap\\connection.ts:243:56)\n' +
    '    at MessageStream.emit (node:events:513:28)\n' +
    '    at processIncomingData (J:\\Level2\\Mission3\\university-management-auth-service\\node_modules\\mongodb\\src\\cmap\\message_stream.ts:187:12)\n' +
    '    at MessageStream._write (J:\\Level2\\Mission3\\university-management-auth-service\\node_modules\\mongodb\\src\\cmap\\message_stream.ts:68:5)\n' +
    '    at writeOrBuffer (node:internal/streams/writable:392:12)\n' +
    '    at _write (node:internal/streams/writable:333:10)\n' +
    '    at MessageStream.Writable.write (node:internal/streams/writable:337:10)\n' +
    '    at TLSSocket.ondata (node:internal/streams/readable:766:22)\n' +
    '    at TLSSocket.emit (node:events:513:28)',
  label: 'PH',
  timestamp: '2023-06-03T19:34:42.178Z',
  [Symbol(errorLabels)]: Set(2) { 'HandshakeError', 'ResetPool' }
}
{
  ok: 0,
  code: 8000,
  codeName: 'AtlasError',
  connectionGeneration: 0,
  level: 'error',
  message: 'Failed to connect database bad auth : Authentication failed.',
  stack: 'MongoServerError: bad auth : Authentication failed.\n' +
    '    at Connection.onMessage (J:\\Level2\\Mission3\\university-management-auth-service\\node_modules\\mongodb\\src\\cmap\\connection.ts:413:18)\n' +
    '    at MessageStream.<anonymous> (J:\\Level2\\Mission3\\university-management-auth-service\\node_modules\\mongodb\\src\\cmap\\connection.ts:243:56)\n' +
    '    at MessageStream.emit (node:events:513:28)\n' +
    '    at processIncomingData (J:\\Level2\\Mission3\\university-management-auth-service\\node_modules\\mongodb\\src\\cmap\\message_stream.ts:187:12)\n' +
    '    at MessageStream._write (J:\\Level2\\Mission3\\university-management-auth-service\\node_modules\\mongodb\\src\\cmap\\message_stream.ts:68:5)\n' +
    '    at writeOrBuffer (node:internal/streams/writable:392:12)\n' +
    '    at _write (node:internal/streams/writable:333:10)\n' +
    '    at MessageStream.Writable.write (node:internal/streams/writable:337:10)\n' +
    '    at TLSSocket.ondata (node:internal/streams/readable:766:22)\n' +
    '    at TLSSocket.emit (node:events:513:28)',
  label: 'PH',
  timestamp: '2023-06-03T19:34:51.366Z',
  [Symbol(errorLabels)]: Set(2) { 'HandshakeError', 'ResetPool' }
}
{
  ok: 0,
  code: 8000,
  codeName: 'AtlasError',
  connectionGeneration: 0,
  level: 'error',
  message: 'Failed to connect database bad auth : Authentication failed.',
  stack: 'MongoServerError: bad auth : Authentication failed.\n' +
    '    at Connection.onMessage (J:\\Level2\\Mission3\\university-management-auth-service\\node_modules\\mongodb\\src\\cmap\\connection.ts:413:18)\n' +
    '    at MessageStream.<anonymous> (J:\\Level2\\Mission3\\university-management-auth-service\\node_modules\\mongodb\\src\\cmap\\connection.ts:243:56)\n' +
    '    at MessageStream.emit (node:events:513:28)\n' +
    '    at processIncomingData (J:\\Level2\\Mission3\\university-management-auth-service\\node_modules\\mongodb\\src\\cmap\\message_stream.ts:187:12)\n' +
    '    at MessageStream._write (J:\\Level2\\Mission3\\university-management-auth-service\\node_modules\\mongodb\\src\\cmap\\message_stream.ts:68:5)\n' +
    '    at writeOrBuffer (node:internal/streams/writable:392:12)\n' +
    '    at _write (node:internal/streams/writable:333:10)\n' +
    '    at MessageStream.Writable.write (node:internal/streams/writable:337:10)\n' +
    '    at TLSSocket.ondata (node:internal/streams/readable:766:22)\n' +
    '    at TLSSocket.emit (node:events:513:28)',
  label: 'PH',
  timestamp: '2023-06-03T19:35:46.576Z',
  [Symbol(errorLabels)]: Set(2) { 'HandshakeError', 'ResetPool' }
}
{
  ok: 0,
  code: 8000,
  codeName: 'AtlasError',
  connectionGeneration: 0,
  level: 'error',
  message: 'Failed to connect database bad auth : Authentication failed.',
  stack: 'MongoServerError: bad auth : Authentication failed.\n' +
    '    at Connection.onMessage (J:\\Level2\\Mission3\\university-management-auth-service\\node_modules\\mongodb\\src\\cmap\\connection.ts:413:18)\n' +
    '    at MessageStream.<anonymous> (J:\\Level2\\Mission3\\university-management-auth-service\\node_modules\\mongodb\\src\\cmap\\connection.ts:243:56)\n' +
    '    at MessageStream.emit (node:events:513:28)\n' +
    '    at processIncomingData (J:\\Level2\\Mission3\\university-management-auth-service\\node_modules\\mongodb\\src\\cmap\\message_stream.ts:187:12)\n' +
    '    at MessageStream._write (J:\\Level2\\Mission3\\university-management-auth-service\\node_modules\\mongodb\\src\\cmap\\message_stream.ts:68:5)\n' +
    '    at writeOrBuffer (node:internal/streams/writable:392:12)\n' +
    '    at _write (node:internal/streams/writable:333:10)\n' +
    '    at MessageStream.Writable.write (node:internal/streams/writable:337:10)\n' +
    '    at TLSSocket.ondata (node:internal/streams/readable:766:22)\n' +
    '    at TLSSocket.emit (node:events:513:28)',
  label: 'PH',
  timestamp: '2023-06-03T19:35:52.908Z',
  [Symbol(errorLabels)]: Set(2) { 'HandshakeError', 'ResetPool' }
}
