{
  message: ' Database is connected successfully',
  level: 'info',
  label: 'PH',
  timestamp: '2023-06-11T13:46:46.977Z'
}
{
  message: 'Application listening on port 5000',
  level: 'info',
  label: 'PH',
  timestamp: '2023-06-11T13:46:46.996Z'
}
{
  message: ' Database is connected successfully',
  level: 'info',
  label: 'PH',
  timestamp: '2023-06-11T13:47:19.741Z'
}
{
  message: 'Application listening on port 5000',
  level: 'info',
  label: 'PH',
  timestamp: '2023-06-11T13:47:19.757Z'
}
{
  message: ' Database is connected successfully',
  level: 'info',
  label: 'PH',
  timestamp: '2023-06-11T13:47:54.520Z'
}
{
  message: 'Application listening on port 5000',
  level: 'info',
  label: 'PH',
  timestamp: '2023-06-11T13:47:54.533Z'
}
{
  message: ' Database is connected successfully',
  level: 'info',
  label: 'PH',
  timestamp: '2023-06-11T13:48:22.670Z'
}
{
  message: 'Application listening on port 5000',
  level: 'info',
  label: 'PH',
  timestamp: '2023-06-11T13:48:22.680Z'
}
{
  message: ' Database is connected successfully',
  level: 'info',
  label: 'PH',
  timestamp: '2023-06-11T13:48:43.832Z'
}
{
  message: 'Application listening on port 5000',
  level: 'info',
  label: 'PH',
  timestamp: '2023-06-11T13:48:43.844Z'
}
{
  message: ' Database is connected successfully',
  level: 'info',
  label: 'PH',
  timestamp: '2023-06-11T13:48:53.941Z'
}
{
  message: 'Application listening on port 5000',
  level: 'info',
  label: 'PH',
  timestamp: '2023-06-11T13:48:53.972Z'
}
{
  message: ' Database is connected successfully',
  level: 'info',
  label: 'PH',
  timestamp: '2023-06-11T13:49:01.588Z'
}
{
  message: 'Application listening on port 5000',
  level: 'info',
  label: 'PH',
  timestamp: '2023-06-11T13:49:01.611Z'
}
{
  message: ' Database is connected successfully',
  level: 'info',
  label: 'PH',
  timestamp: '2023-06-11T13:49:09.062Z'
}
{
  message: 'Application listening on port 5000',
  level: 'info',
  label: 'PH',
  timestamp: '2023-06-11T13:49:09.073Z'
}
{
  message: ' Database is connected successfully',
  level: 'info',
  label: 'PH',
  timestamp: '2023-06-11T13:49:22.307Z'
}
{
  message: 'Application listening on port 5000',
  level: 'info',
  label: 'PH',
  timestamp: '2023-06-11T13:49:22.340Z'
}
{
  message: ' Database is connected successfully',
  level: 'info',
  label: 'PH',
  timestamp: '2023-06-11T13:49:48.067Z'
}
{
  message: 'Application listening on port 5000',
  level: 'info',
  label: 'PH',
  timestamp: '2023-06-11T13:49:48.109Z'
}
{
  message: ' Database is connected successfully',
  level: 'info',
  label: 'PH',
  timestamp: '2023-06-11T13:50:01.426Z'
}
{
  message: 'Application listening on port 5000',
  level: 'info',
  label: 'PH',
  timestamp: '2023-06-11T13:50:01.434Z'
}
{
  message: ' Database is connected successfully',
  level: 'info',
  label: 'PH',
  timestamp: '2023-06-11T13:50:30.659Z'
}
{
  message: 'Application listening on port 5000',
  level: 'info',
  label: 'PH',
  timestamp: '2023-06-11T13:50:30.673Z'
}
{
  message: ' Database is connected successfully',
  level: 'info',
  label: 'PH',
  timestamp: '2023-06-11T13:50:41.042Z'
}
{
  message: 'Application listening on port 5000',
  level: 'info',
  label: 'PH',
  timestamp: '2023-06-11T13:50:41.061Z'
}
{
  message: ' Database is connected successfully',
  level: 'info',
  label: 'PH',
  timestamp: '2023-06-11T13:51:05.438Z'
}
{
  message: 'Application listening on port 5000',
  level: 'info',
  label: 'PH',
  timestamp: '2023-06-11T13:51:05.469Z'
}
{
  message: ' Database is connected successfully',
  level: 'info',
  label: 'PH',
  timestamp: '2023-06-11T13:52:09.946Z'
}
{
  message: 'Application listening on port 5000',
  level: 'info',
  label: 'PH',
  timestamp: '2023-06-11T13:52:09.955Z'
}
{
  message: ' Database is connected successfully',
  level: 'info',
  label: 'PH',
  timestamp: '2023-06-11T13:52:32.531Z'
}
{
  message: 'Application listening on port 5000',
  level: 'info',
  label: 'PH',
  timestamp: '2023-06-11T13:52:32.548Z'
}
{
  message: ' Database is connected successfully',
  level: 'info',
  label: 'PH',
  timestamp: '2023-06-11T13:53:37.722Z'
}
{
  message: 'Application listening on port 5000',
  level: 'info',
  label: 'PH',
  timestamp: '2023-06-11T13:53:37.737Z'
}
{
  message: ' Database is connected successfully',
  level: 'info',
  label: 'PH',
  timestamp: '2023-06-11T13:53:47.246Z'
}
{
  message: 'Application listening on port 5000',
  level: 'info',
  label: 'PH',
  timestamp: '2023-06-11T13:53:47.257Z'
}
{
  message: ' Database is connected successfully',
  level: 'info',
  label: 'PH',
  timestamp: '2023-06-11T13:54:20.155Z'
}
{
  message: 'Application listening on port 5000',
  level: 'info',
  label: 'PH',
  timestamp: '2023-06-11T13:54:20.174Z'
}
{
  message: ' Database is connected successfully',
  level: 'info',
  label: 'PH',
  timestamp: '2023-06-11T13:55:03.535Z'
}
{
  message: 'Application listening on port 5000',
  level: 'info',
  label: 'PH',
  timestamp: '2023-06-11T13:55:03.548Z'
}
{
  message: ' Database is connected successfully',
  level: 'info',
  label: 'PH',
  timestamp: '2023-06-11T13:55:21.425Z'
}
{
  message: 'Application listening on port 5000',
  level: 'info',
  label: 'PH',
  timestamp: '2023-06-11T13:55:21.447Z'
}
{
  message: ' Database is connected successfully',
  level: 'info',
  label: 'PH',
  timestamp: '2023-06-11T13:55:53.104Z'
}
{
  message: 'Application listening on port 5000',
  level: 'info',
  label: 'PH',
  timestamp: '2023-06-11T13:55:53.113Z'
}
{
  message: ' Database is connected successfully',
  level: 'info',
  label: 'PH',
  timestamp: '2023-06-11T13:55:58.053Z'
}
{
  message: 'Application listening on port 5000',
  level: 'info',
  label: 'PH',
  timestamp: '2023-06-11T13:55:58.063Z'
}
{
  message: ' Database is connected successfully',
  level: 'info',
  label: 'PH',
  timestamp: '2023-06-11T13:56:46.308Z'
}
{
  message: 'Application listening on port 5000',
  level: 'info',
  label: 'PH',
  timestamp: '2023-06-11T13:56:46.322Z'
}
{
  message: ' Database is connected successfully',
  level: 'info',
  label: 'PH',
  timestamp: '2023-06-11T13:56:53.207Z'
}
{
  message: 'Application listening on port 5000',
  level: 'info',
  label: 'PH',
  timestamp: '2023-06-11T13:56:53.215Z'
}
{
  message: ' Database is connected successfully',
  level: 'info',
  label: 'PH',
  timestamp: '2023-06-11T13:57:00.567Z'
}
{
  message: 'Application listening on port 5000',
  level: 'info',
  label: 'PH',
  timestamp: '2023-06-11T13:57:00.597Z'
}
{
  message: ' Database is connected successfully',
  level: 'info',
  label: 'PH',
  timestamp: '2023-06-11T13:57:05.567Z'
}
{
  message: 'Application listening on port 5000',
  level: 'info',
  label: 'PH',
  timestamp: '2023-06-11T13:57:05.591Z'
}
{
  message: ' Database is connected successfully',
  level: 'info',
  label: 'PH',
  timestamp: '2023-06-11T13:57:38.838Z'
}
{
  message: 'Application listening on port 5000',
  level: 'info',
  label: 'PH',
  timestamp: '2023-06-11T13:57:38.861Z'
}
{
  message: ' Database is connected successfully',
  level: 'info',
  label: 'PH',
  timestamp: '2023-06-11T13:57:43.108Z'
}
{
  message: 'Application listening on port 5000',
  level: 'info',
  label: 'PH',
  timestamp: '2023-06-11T13:57:43.125Z'
}
{
  message: ' Database is connected successfully',
  level: 'info',
  label: 'PH',
  timestamp: '2023-06-11T13:58:29.389Z'
}
{
  message: 'Application listening on port 5000',
  level: 'info',
  label: 'PH',
  timestamp: '2023-06-11T13:58:29.406Z'
}
{
  message: ' Database is connected successfully',
  level: 'info',
  label: 'PH',
  timestamp: '2023-06-11T13:59:55.838Z'
}
{
  message: 'Application listening on port 5000',
  level: 'info',
  label: 'PH',
  timestamp: '2023-06-11T13:59:55.850Z'
}
