{
  message: ' Database is connected successfully',
  level: 'info',
  label: 'PH',
  timestamp: '2023-06-07T04:00:38.055Z'
}
{
  message: 'Application listening on port 5000',
  level: 'info',
  label: 'PH',
  timestamp: '2023-06-07T04:00:38.067Z'
}
{
  message: ' Database is connected successfully',
  level: 'info',
  label: 'PH',
  timestamp: '2023-06-07T04:00:42.790Z'
}
{
  message: 'Application listening on port 5000',
  level: 'info',
  label: 'PH',
  timestamp: '2023-06-07T04:00:42.809Z'
}
{
  message: ' Database is connected successfully',
  level: 'info',
  label: 'PH',
  timestamp: '2023-06-07T04:00:59.889Z'
}
{
  message: 'Application listening on port 5000',
  level: 'info',
  label: 'PH',
  timestamp: '2023-06-07T04:00:59.902Z'
}
{
  message: ' Database is connected successfully',
  level: 'info',
  label: 'PH',
  timestamp: '2023-06-07T04:02:27.175Z'
}
{
  message: 'Application listening on port 5000',
  level: 'info',
  label: 'PH',
  timestamp: '2023-06-07T04:02:27.186Z'
}
{
  message: ' Database is connected successfully',
  level: 'info',
  label: 'PH',
  timestamp: '2023-06-07T04:02:40.195Z'
}
{
  message: 'Application listening on port 5000',
  level: 'info',
  label: 'PH',
  timestamp: '2023-06-07T04:02:40.214Z'
}
{
  message: ' Database is connected successfully',
  level: 'info',
  label: 'PH',
  timestamp: '2023-06-07T04:07:16.211Z'
}
{
  message: 'Application listening on port 5000',
  level: 'info',
  label: 'PH',
  timestamp: '2023-06-07T04:07:16.221Z'
}
{
  message: ' Database is connected successfully',
  level: 'info',
  label: 'PH',
  timestamp: '2023-06-07T04:07:22.573Z'
}
{
  message: 'Application listening on port 5000',
  level: 'info',
  label: 'PH',
  timestamp: '2023-06-07T04:07:22.590Z'
}
{
  message: ' Database is connected successfully',
  level: 'info',
  label: 'PH',
  timestamp: '2023-06-07T04:07:38.975Z'
}
{
  message: 'Application listening on port 5000',
  level: 'info',
  label: 'PH',
  timestamp: '2023-06-07T04:07:39.012Z'
}
{
  message: ' Database is connected successfully',
  level: 'info',
  label: 'PH',
  timestamp: '2023-06-07T04:07:56.757Z'
}
{
  message: 'Application listening on port 5000',
  level: 'info',
  label: 'PH',
  timestamp: '2023-06-07T04:07:56.780Z'
}
{
  message: ' Database is connected successfully',
  level: 'info',
  label: 'PH',
  timestamp: '2023-06-07T04:08:49.288Z'
}
{
  message: 'Application listening on port 5000',
  level: 'info',
  label: 'PH',
  timestamp: '2023-06-07T04:08:49.317Z'
}
{
  message: ' Database is connected successfully',
  level: 'info',
  label: 'PH',
  timestamp: '2023-06-07T04:09:02.711Z'
}
{
  message: 'Application listening on port 5000',
  level: 'info',
  label: 'PH',
  timestamp: '2023-06-07T04:09:02.750Z'
}
{
  message: ' Database is connected successfully',
  level: 'info',
  label: 'PH',
  timestamp: '2023-06-07T04:38:33.030Z'
}
{
  message: 'Application listening on port 5000',
  level: 'info',
  label: 'PH',
  timestamp: '2023-06-07T04:38:33.046Z'
}
{
  message: ' Database is connected successfully',
  level: 'info',
  label: 'PH',
  timestamp: '2023-06-07T04:39:51.896Z'
}
{
  message: 'Application listening on port 5000',
  level: 'info',
  label: 'PH',
  timestamp: '2023-06-07T04:39:51.914Z'
}
{
  message: ' Database is connected successfully',
  level: 'info',
  label: 'PH',
  timestamp: '2023-06-07T04:41:39.861Z'
}
{
  message: 'Application listening on port 5000',
  level: 'info',
  label: 'PH',
  timestamp: '2023-06-07T04:41:39.893Z'
}
