{
  message: ' Database is connected successfully',
  level: 'info',
  label: 'PH',
  timestamp: '2023-06-13T02:01:06.812Z'
}
{
  message: 'Application listening on port 5000',
  level: 'info',
  label: 'PH',
  timestamp: '2023-06-13T02:01:06.820Z'
}
{
  message: ' Database is connected successfully',
  level: 'info',
  label: 'PH',
  timestamp: '2023-06-13T02:01:13.720Z'
}
{
  message: 'Application listening on port 5000',
  level: 'info',
  label: 'PH',
  timestamp: '2023-06-13T02:01:13.729Z'
}
{
  message: ' Database is connected successfully',
  level: 'info',
  label: 'PH',
  timestamp: '2023-06-13T02:01:19.153Z'
}
{
  message: 'Application listening on port 5000',
  level: 'info',
  label: 'PH',
  timestamp: '2023-06-13T02:01:19.173Z'
}
{
  message: ' Database is connected successfully',
  level: 'info',
  label: 'PH',
  timestamp: '2023-06-13T02:01:27.262Z'
}
{
  message: 'Application listening on port 5000',
  level: 'info',
  label: 'PH',
  timestamp: '2023-06-13T02:01:27.277Z'
}
{
  message: ' Database is connected successfully',
  level: 'info',
  label: 'PH',
  timestamp: '2023-06-13T02:01:47.559Z'
}
{
  message: 'Application listening on port 5000',
  level: 'info',
  label: 'PH',
  timestamp: '2023-06-13T02:01:47.585Z'
}
{
  message: ' Database is connected successfully',
  level: 'info',
  label: 'PH',
  timestamp: '2023-06-13T02:04:25.279Z'
}
{
  message: 'Application listening on port 5000',
  level: 'info',
  label: 'PH',
  timestamp: '2023-06-13T02:04:25.309Z'
}
{
  message: ' Database is connected successfully',
  level: 'info',
  label: 'PH',
  timestamp: '2023-06-13T02:05:17.374Z'
}
{
  message: 'Application listening on port 5000',
  level: 'info',
  label: 'PH',
  timestamp: '2023-06-13T02:05:17.389Z'
}
{
  message: ' Database is connected successfully',
  level: 'info',
  label: 'PH',
  timestamp: '2023-06-13T02:05:41.005Z'
}
{
  message: 'Application listening on port 5000',
  level: 'info',
  label: 'PH',
  timestamp: '2023-06-13T02:05:41.022Z'
}
{
  message: ' Database is connected successfully',
  level: 'info',
  label: 'PH',
  timestamp: '2023-06-13T02:05:48.437Z'
}
{
  message: 'Application listening on port 5000',
  level: 'info',
  label: 'PH',
  timestamp: '2023-06-13T02:05:48.450Z'
}
{
  message: ' Database is connected successfully',
  level: 'info',
  label: 'PH',
  timestamp: '2023-06-13T02:05:57.722Z'
}
{
  message: 'Application listening on port 5000',
  level: 'info',
  label: 'PH',
  timestamp: '2023-06-13T02:05:57.736Z'
}
{
  message: ' Database is connected successfully',
  level: 'info',
  label: 'PH',
  timestamp: '2023-06-13T02:06:03.560Z'
}
{
  message: 'Application listening on port 5000',
  level: 'info',
  label: 'PH',
  timestamp: '2023-06-13T02:06:03.570Z'
}
{
  message: ' Database is connected successfully',
  level: 'info',
  label: 'PH',
  timestamp: '2023-06-13T02:06:11.358Z'
}
{
  message: 'Application listening on port 5000',
  level: 'info',
  label: 'PH',
  timestamp: '2023-06-13T02:06:11.397Z'
}
{
  message: ' Database is connected successfully',
  level: 'info',
  label: 'PH',
  timestamp: '2023-06-13T02:06:20.469Z'
}
{
  message: 'Application listening on port 5000',
  level: 'info',
  label: 'PH',
  timestamp: '2023-06-13T02:06:20.482Z'
}
{
  message: ' Database is connected successfully',
  level: 'info',
  label: 'PH',
  timestamp: '2023-06-13T02:06:25.439Z'
}
{
  message: 'Application listening on port 5000',
  level: 'info',
  label: 'PH',
  timestamp: '2023-06-13T02:06:25.456Z'
}
{
  message: ' Database is connected successfully',
  level: 'info',
  label: 'PH',
  timestamp: '2023-06-13T02:22:41.798Z'
}
{
  message: 'Application listening on port 5000',
  level: 'info',
  label: 'PH',
  timestamp: '2023-06-13T02:22:41.826Z'
}
{
  message: ' Database is connected successfully',
  level: 'info',
  label: 'PH',
  timestamp: '2023-06-13T02:22:53.142Z'
}
{
  message: 'Application listening on port 5000',
  level: 'info',
  label: 'PH',
  timestamp: '2023-06-13T02:22:53.169Z'
}
{
  message: ' Database is connected successfully',
  level: 'info',
  label: 'PH',
  timestamp: '2023-06-13T02:23:56.963Z'
}
{
  message: 'Application listening on port 5000',
  level: 'info',
  label: 'PH',
  timestamp: '2023-06-13T02:23:56.985Z'
}
{
  message: ' Database is connected successfully',
  level: 'info',
  label: 'PH',
  timestamp: '2023-06-13T02:24:01.847Z'
}
{
  message: 'Application listening on port 5000',
  level: 'info',
  label: 'PH',
  timestamp: '2023-06-13T02:24:01.870Z'
}
{
  message: ' Database is connected successfully',
  level: 'info',
  label: 'PH',
  timestamp: '2023-06-13T02:24:05.484Z'
}
{
  message: 'Application listening on port 5000',
  level: 'info',
  label: 'PH',
  timestamp: '2023-06-13T02:24:05.498Z'
}
{
  message: ' Database is connected successfully',
  level: 'info',
  label: 'PH',
  timestamp: '2023-06-13T02:24:26.874Z'
}
{
  message: 'Application listening on port 5000',
  level: 'info',
  label: 'PH',
  timestamp: '2023-06-13T02:24:26.894Z'
}
{
  message: ' Database is connected successfully',
  level: 'info',
  label: 'PH',
  timestamp: '2023-06-13T02:24:31.568Z'
}
{
  message: 'Application listening on port 5000',
  level: 'info',
  label: 'PH',
  timestamp: '2023-06-13T02:24:31.590Z'
}
{
  message: ' Database is connected successfully',
  level: 'info',
  label: 'PH',
  timestamp: '2023-06-13T02:25:09.933Z'
}
{
  message: 'Application listening on port 5000',
  level: 'info',
  label: 'PH',
  timestamp: '2023-06-13T02:25:09.959Z'
}
{
  message: ' Database is connected successfully',
  level: 'info',
  label: 'PH',
  timestamp: '2023-06-13T02:25:17.250Z'
}
{
  message: 'Application listening on port 5000',
  level: 'info',
  label: 'PH',
  timestamp: '2023-06-13T02:25:17.272Z'
}
{
  message: ' Database is connected successfully',
  level: 'info',
  label: 'PH',
  timestamp: '2023-06-13T02:25:25.103Z'
}
{
  message: 'Application listening on port 5000',
  level: 'info',
  label: 'PH',
  timestamp: '2023-06-13T02:25:25.128Z'
}
{
  message: ' Database is connected successfully',
  level: 'info',
  label: 'PH',
  timestamp: '2023-06-13T02:33:23.087Z'
}
{
  message: 'Application listening on port 5000',
  level: 'info',
  label: 'PH',
  timestamp: '2023-06-13T02:33:23.096Z'
}
{
  message: ' Database is connected successfully',
  level: 'info',
  label: 'PH',
  timestamp: '2023-06-13T02:33:28.566Z'
}
{
  message: 'Application listening on port 5000',
  level: 'info',
  label: 'PH',
  timestamp: '2023-06-13T02:33:28.579Z'
}
{
  message: ' Database is connected successfully',
  level: 'info',
  label: 'PH',
  timestamp: '2023-06-13T02:33:38.091Z'
}
{
  message: 'Application listening on port 5000',
  level: 'info',
  label: 'PH',
  timestamp: '2023-06-13T02:33:38.108Z'
}
{
  message: ' Database is connected successfully',
  level: 'info',
  label: 'PH',
  timestamp: '2023-06-13T02:33:45.389Z'
}
{
  message: 'Application listening on port 5000',
  level: 'info',
  label: 'PH',
  timestamp: '2023-06-13T02:33:45.400Z'
}
{
  message: ' Database is connected successfully',
  level: 'info',
  label: 'PH',
  timestamp: '2023-06-13T02:34:12.376Z'
}
{
  message: 'Application listening on port 5000',
  level: 'info',
  label: 'PH',
  timestamp: '2023-06-13T02:34:12.387Z'
}
{
  message: ' Database is connected successfully',
  level: 'info',
  label: 'PH',
  timestamp: '2023-06-13T02:34:19.573Z'
}
{
  message: 'Application listening on port 5000',
  level: 'info',
  label: 'PH',
  timestamp: '2023-06-13T02:34:19.607Z'
}
{
  message: ' Database is connected successfully',
  level: 'info',
  label: 'PH',
  timestamp: '2023-06-13T02:34:34.867Z'
}
{
  message: 'Application listening on port 5000',
  level: 'info',
  label: 'PH',
  timestamp: '2023-06-13T02:34:34.875Z'
}
{
  message: ' Database is connected successfully',
  level: 'info',
  label: 'PH',
  timestamp: '2023-06-13T02:35:57.887Z'
}
{
  message: 'Application listening on port 5000',
  level: 'info',
  label: 'PH',
  timestamp: '2023-06-13T02:35:57.908Z'
}
{
  message: ' Database is connected successfully',
  level: 'info',
  label: 'PH',
  timestamp: '2023-06-13T02:36:48.936Z'
}
{
  message: 'Application listening on port 5000',
  level: 'info',
  label: 'PH',
  timestamp: '2023-06-13T02:36:48.951Z'
}
{
  message: ' Database is connected successfully',
  level: 'info',
  label: 'PH',
  timestamp: '2023-06-13T02:50:16.918Z'
}
{
  message: 'Application listening on port 5000',
  level: 'info',
  label: 'PH',
  timestamp: '2023-06-13T02:50:16.932Z'
}
{
  message: ' Database is connected successfully',
  level: 'info',
  label: 'PH',
  timestamp: '2023-06-13T02:50:28.570Z'
}
{
  message: 'Application listening on port 5000',
  level: 'info',
  label: 'PH',
  timestamp: '2023-06-13T02:50:28.589Z'
}
{
  message: ' Database is connected successfully',
  level: 'info',
  label: 'PH',
  timestamp: '2023-06-13T02:50:53.581Z'
}
{
  message: 'Application listening on port 5000',
  level: 'info',
  label: 'PH',
  timestamp: '2023-06-13T02:50:53.599Z'
}
{
  message: ' Database is connected successfully',
  level: 'info',
  label: 'PH',
  timestamp: '2023-06-13T02:51:28.854Z'
}
{
  message: 'Application listening on port 5000',
  level: 'info',
  label: 'PH',
  timestamp: '2023-06-13T02:51:28.868Z'
}
{
  message: ' Database is connected successfully',
  level: 'info',
  label: 'PH',
  timestamp: '2023-06-13T02:51:33.319Z'
}
{
  message: 'Application listening on port 5000',
  level: 'info',
  label: 'PH',
  timestamp: '2023-06-13T02:51:33.348Z'
}
{
  message: ' Database is connected successfully',
  level: 'info',
  label: 'PH',
  timestamp: '2023-06-13T02:51:38.947Z'
}
{
  message: 'Application listening on port 5000',
  level: 'info',
  label: 'PH',
  timestamp: '2023-06-13T02:51:38.972Z'
}
{
  message: ' Database is connected successfully',
  level: 'info',
  label: 'PH',
  timestamp: '2023-06-13T02:51:44.745Z'
}
{
  message: 'Application listening on port 5000',
  level: 'info',
  label: 'PH',
  timestamp: '2023-06-13T02:51:44.777Z'
}
{
  message: ' Database is connected successfully',
  level: 'info',
  label: 'PH',
  timestamp: '2023-06-13T02:52:23.830Z'
}
{
  message: 'Application listening on port 5000',
  level: 'info',
  label: 'PH',
  timestamp: '2023-06-13T02:52:23.843Z'
}
{
  message: ' Database is connected successfully',
  level: 'info',
  label: 'PH',
  timestamp: '2023-06-13T02:52:29.355Z'
}
{
  message: 'Application listening on port 5000',
  level: 'info',
  label: 'PH',
  timestamp: '2023-06-13T02:52:29.367Z'
}
{
  message: ' Database is connected successfully',
  level: 'info',
  label: 'PH',
  timestamp: '2023-06-13T02:52:40.996Z'
}
{
  message: 'Application listening on port 5000',
  level: 'info',
  label: 'PH',
  timestamp: '2023-06-13T02:52:41.012Z'
}
{
  message: ' Database is connected successfully',
  level: 'info',
  label: 'PH',
  timestamp: '2023-06-13T02:52:55.106Z'
}
{
  message: 'Application listening on port 5000',
  level: 'info',
  label: 'PH',
  timestamp: '2023-06-13T02:52:55.132Z'
}
{
  message: ' Database is connected successfully',
  level: 'info',
  label: 'PH',
  timestamp: '2023-06-13T02:54:16.466Z'
}
{
  message: 'Application listening on port 5000',
  level: 'info',
  label: 'PH',
  timestamp: '2023-06-13T02:54:16.481Z'
}
{
  message: ' Database is connected successfully',
  level: 'info',
  label: 'PH',
  timestamp: '2023-06-13T02:54:59.798Z'
}
{
  message: 'Application listening on port 5000',
  level: 'info',
  label: 'PH',
  timestamp: '2023-06-13T02:54:59.811Z'
}
{
  message: ' Database is connected successfully',
  level: 'info',
  label: 'PH',
  timestamp: '2023-06-13T02:55:34.356Z'
}
{
  message: 'Application listening on port 5000',
  level: 'info',
  label: 'PH',
  timestamp: '2023-06-13T02:55:34.381Z'
}
{
  message: ' Database is connected successfully',
  level: 'info',
  label: 'PH',
  timestamp: '2023-06-13T02:56:00.928Z'
}
{
  message: 'Application listening on port 5000',
  level: 'info',
  label: 'PH',
  timestamp: '2023-06-13T02:56:00.945Z'
}
{
  message: ' Database is connected successfully',
  level: 'info',
  label: 'PH',
  timestamp: '2023-06-13T02:56:14.039Z'
}
{
  message: 'Application listening on port 5000',
  level: 'info',
  label: 'PH',
  timestamp: '2023-06-13T02:56:14.057Z'
}
{
  message: ' Database is connected successfully',
  level: 'info',
  label: 'PH',
  timestamp: '2023-06-13T02:56:43.167Z'
}
{
  message: 'Application listening on port 5000',
  level: 'info',
  label: 'PH',
  timestamp: '2023-06-13T02:56:43.180Z'
}
{
  message: ' Database is connected successfully',
  level: 'info',
  label: 'PH',
  timestamp: '2023-06-13T02:56:48.332Z'
}
{
  message: 'Application listening on port 5000',
  level: 'info',
  label: 'PH',
  timestamp: '2023-06-13T02:56:48.375Z'
}
{
  message: ' Database is connected successfully',
  level: 'info',
  label: 'PH',
  timestamp: '2023-06-13T02:56:55.303Z'
}
{
  message: 'Application listening on port 5000',
  level: 'info',
  label: 'PH',
  timestamp: '2023-06-13T02:56:55.321Z'
}
{
  message: ' Database is connected successfully',
  level: 'info',
  label: 'PH',
  timestamp: '2023-06-13T02:56:59.072Z'
}
{
  message: 'Application listening on port 5000',
  level: 'info',
  label: 'PH',
  timestamp: '2023-06-13T02:56:59.091Z'
}
{
  message: ' Database is connected successfully',
  level: 'info',
  label: 'PH',
  timestamp: '2023-06-13T02:57:12.535Z'
}
{
  message: 'Application listening on port 5000',
  level: 'info',
  label: 'PH',
  timestamp: '2023-06-13T02:57:12.553Z'
}
{
  message: ' Database is connected successfully',
  level: 'info',
  label: 'PH',
  timestamp: '2023-06-13T02:57:16.333Z'
}
{
  message: 'Application listening on port 5000',
  level: 'info',
  label: 'PH',
  timestamp: '2023-06-13T02:57:16.342Z'
}
{
  message: ' Database is connected successfully',
  level: 'info',
  label: 'PH',
  timestamp: '2023-06-13T02:57:26.780Z'
}
{
  message: 'Application listening on port 5000',
  level: 'info',
  label: 'PH',
  timestamp: '2023-06-13T02:57:26.795Z'
}
{
  message: ' Database is connected successfully',
  level: 'info',
  label: 'PH',
  timestamp: '2023-06-13T02:57:37.630Z'
}
{
  message: 'Application listening on port 5000',
  level: 'info',
  label: 'PH',
  timestamp: '2023-06-13T02:57:37.648Z'
}
{
  message: ' Database is connected successfully',
  level: 'info',
  label: 'PH',
  timestamp: '2023-06-13T02:58:10.352Z'
}
{
  message: 'Application listening on port 5000',
  level: 'info',
  label: 'PH',
  timestamp: '2023-06-13T02:58:10.389Z'
}
{
  message: ' Database is connected successfully',
  level: 'info',
  label: 'PH',
  timestamp: '2023-06-13T02:58:18.309Z'
}
{
  message: 'Application listening on port 5000',
  level: 'info',
  label: 'PH',
  timestamp: '2023-06-13T02:58:18.325Z'
}
