{
  message: ' Database is connected successfully',
  level: 'info',
  label: 'PH',
  timestamp: '2023-06-10T12:36:53.501Z'
}
{
  message: 'Application listening on port 5000',
  level: 'info',
  label: 'PH',
  timestamp: '2023-06-10T12:36:53.531Z'
}
{
  message: ' Database is connected successfully',
  level: 'info',
  label: 'PH',
  timestamp: '2023-06-10T12:37:03.603Z'
}
{
  message: 'Application listening on port 5000',
  level: 'info',
  label: 'PH',
  timestamp: '2023-06-10T12:37:03.615Z'
}
{
  message: ' Database is connected successfully',
  level: 'info',
  label: 'PH',
  timestamp: '2023-06-10T12:37:13.969Z'
}
{
  message: 'Application listening on port 5000',
  level: 'info',
  label: 'PH',
  timestamp: '2023-06-10T12:37:13.979Z'
}
{
  message: ' Database is connected successfully',
  level: 'info',
  label: 'PH',
  timestamp: '2023-06-10T12:37:18.541Z'
}
{
  message: 'Application listening on port 5000',
  level: 'info',
  label: 'PH',
  timestamp: '2023-06-10T12:37:18.579Z'
}
{
  message: ' Database is connected successfully',
  level: 'info',
  label: 'PH',
  timestamp: '2023-06-10T12:37:22.068Z'
}
{
  message: 'Application listening on port 5000',
  level: 'info',
  label: 'PH',
  timestamp: '2023-06-10T12:37:22.098Z'
}
{
  message: ' Database is connected successfully',
  level: 'info',
  label: 'PH',
  timestamp: '2023-06-10T12:37:28.715Z'
}
{
  message: 'Application listening on port 5000',
  level: 'info',
  label: 'PH',
  timestamp: '2023-06-10T12:37:28.746Z'
}
{
  message: ' Database is connected successfully',
  level: 'info',
  label: 'PH',
  timestamp: '2023-06-10T12:48:19.469Z'
}
{
  message: 'Application listening on port 5000',
  level: 'info',
  label: 'PH',
  timestamp: '2023-06-10T12:48:19.493Z'
}
{
  message: ' Database is connected successfully',
  level: 'info',
  label: 'PH',
  timestamp: '2023-06-10T12:48:41.198Z'
}
{
  message: 'Application listening on port 5000',
  level: 'info',
  label: 'PH',
  timestamp: '2023-06-10T12:48:41.220Z'
}
{
  message: ' Database is connected successfully',
  level: 'info',
  label: 'PH',
  timestamp: '2023-06-10T12:48:45.386Z'
}
{
  message: 'Application listening on port 5000',
  level: 'info',
  label: 'PH',
  timestamp: '2023-06-10T12:48:45.409Z'
}
{
  message: ' Database is connected successfully',
  level: 'info',
  label: 'PH',
  timestamp: '2023-06-10T12:50:06.194Z'
}
{
  message: 'Application listening on port 5000',
  level: 'info',
  label: 'PH',
  timestamp: '2023-06-10T12:50:06.209Z'
}
{
  message: ' Database is connected successfully',
  level: 'info',
  label: 'PH',
  timestamp: '2023-06-10T12:51:06.168Z'
}
{
  message: 'Application listening on port 5000',
  level: 'info',
  label: 'PH',
  timestamp: '2023-06-10T12:51:06.188Z'
}
{
  message: ' Database is connected successfully',
  level: 'info',
  label: 'PH',
  timestamp: '2023-06-10T12:51:20.205Z'
}
{
  message: 'Application listening on port 5000',
  level: 'info',
  label: 'PH',
  timestamp: '2023-06-10T12:51:20.225Z'
}
{
  message: ' Database is connected successfully',
  level: 'info',
  label: 'PH',
  timestamp: '2023-06-10T12:51:26.816Z'
}
{
  message: 'Application listening on port 5000',
  level: 'info',
  label: 'PH',
  timestamp: '2023-06-10T12:51:26.833Z'
}
{
  message: ' Database is connected successfully',
  level: 'info',
  label: 'PH',
  timestamp: '2023-06-10T12:51:56.194Z'
}
{
  message: 'Application listening on port 5000',
  level: 'info',
  label: 'PH',
  timestamp: '2023-06-10T12:51:56.211Z'
}
{
  message: ' Database is connected successfully',
  level: 'info',
  label: 'PH',
  timestamp: '2023-06-10T12:52:18.108Z'
}
{
  message: 'Application listening on port 5000',
  level: 'info',
  label: 'PH',
  timestamp: '2023-06-10T12:52:18.123Z'
}
