{"level":"error","message":"Failed to connect database The `uri` parameter to `openUri()` must be a string, got \"undefined\". Make sure the first parameter to `mongoose.connect()` or `mongoose.createConnection()` is a string.","stack":"MongooseError: The `uri` parameter to `openUri()` must be a string, got \"undefined\". Make sure the first parameter to `mongoose.connect()` or `mongoose.createConnection()` is a string.\n    at _createMongoClient (J:\\Level2\\Mission3\\university-management-auth-service\\node_modules\\mongoose\\lib\\connection.js:805:11)\n    at NativeConnection.openUri (J:\\Level2\\Mission3\\university-management-auth-service\\node_modules\\mongoose\\lib\\connection.js:742:29)\n    at Mongoose.connect (J:\\Level2\\Mission3\\university-management-auth-service\\node_modules\\mongoose\\lib\\index.js:406:15)\n    at J:\\Level2\\Mission3\\university-management-auth-service\\src\\server.ts:8:20\n    at Generator.next (<anonymous>)\n    at J:\\Level2\\Mission3\\university-management-auth-service\\src\\server.ts:8:71\n    at new Promise (<anonymous>)\n    at __awaiter (J:\\Level2\\Mission3\\university-management-auth-service\\src\\server.ts:4:12)\n    at bootstrap (J:\\Level2\\Mission3\\university-management-auth-service\\src\\server.ts:20:12)\n    at Object.<anonymous> (J:\\Level2\\Mission3\\university-management-auth-service\\src\\server.ts:19:1)"}
2023-06-03T08:03:44.579Z [right meow!] error: Failed to connect database The `uri` parameter to `openUri()` must be a string, got "undefined". Make sure the first parameter to `mongoose.connect()` or `mongoose.createConnection()` is a string.
2023-06-03T08:04:39.765Z [right meow!] error: Failed to connect database The `uri` parameter to `openUri()` must be a string, got "undefined". Make sure the first parameter to `mongoose.connect()` or `mongoose.createConnection()` is a string.
2023-06-03T08:04:49.377Z [right meow!] error: Failed to connect database The `uri` parameter to `openUri()` must be a string, got "undefined". Make sure the first parameter to `mongoose.connect()` or `mongoose.createConnection()` is a string.
2023-06-03T08:04:51.790Z [right meow!] error: Failed to connect database The `uri` parameter to `openUri()` must be a string, got "undefined". Make sure the first parameter to `mongoose.connect()` or `mongoose.createConnection()` is a string.
2023-06-03T08:04:56.711Z [right meow!] error: Failed to connect database The `uri` parameter to `openUri()` must be a string, got "undefined". Make sure the first parameter to `mongoose.connect()` or `mongoose.createConnection()` is a string.
2023-06-03T08:05:24.660Z [right meow!] error: Failed to connect database The `uri` parameter to `openUri()` must be a string, got "undefined". Make sure the first parameter to `mongoose.connect()` or `mongoose.createConnection()` is a string.
2023-06-03T08:05:45.562Z [right meow!] error: Failed to connect database The `uri` parameter to `openUri()` must be a string, got "undefined". Make sure the first parameter to `mongoose.connect()` or `mongoose.createConnection()` is a string.
2023-06-03T08:05:50.091Z [right meow!] error: Failed to connect database The `uri` parameter to `openUri()` must be a string, got "undefined". Make sure the first parameter to `mongoose.connect()` or `mongoose.createConnection()` is a string.
2023-06-03T08:05:53.547Z [right meow!] error: Failed to connect database The `uri` parameter to `openUri()` must be a string, got "undefined". Make sure the first parameter to `mongoose.connect()` or `mongoose.createConnection()` is a string.
2023-06-03T08:06:13.359Z [right meow!] error: Failed to connect database The `uri` parameter to `openUri()` must be a string, got "undefined". Make sure the first parameter to `mongoose.connect()` or `mongoose.createConnection()` is a string.
2023-06-03T08:06:17.469Z [right meow!] error: Failed to connect database The `uri` parameter to `openUri()` must be a string, got "undefined". Make sure the first parameter to `mongoose.connect()` or `mongoose.createConnection()` is a string.
2023-06-03T08:06:20.051Z [right meow!] error: Failed to connect database The `uri` parameter to `openUri()` must be a string, got "undefined". Make sure the first parameter to `mongoose.connect()` or `mongoose.createConnection()` is a string.
2023-06-03T08:06:41.417Z [right meow!] error: Failed to connect database The `uri` parameter to `openUri()` must be a string, got "undefined". Make sure the first parameter to `mongoose.connect()` or `mongoose.createConnection()` is a string.
2023-06-03T08:06:42.824Z [right meow!] error: Failed to connect database The `uri` parameter to `openUri()` must be a string, got "undefined". Make sure the first parameter to `mongoose.connect()` or `mongoose.createConnection()` is a string.
2023-06-03T08:06:43.925Z [right meow!] error: Failed to connect database The `uri` parameter to `openUri()` must be a string, got "undefined". Make sure the first parameter to `mongoose.connect()` or `mongoose.createConnection()` is a string.
2023-06-03T08:06:45.280Z [right meow!] error: Failed to connect database The `uri` parameter to `openUri()` must be a string, got "undefined". Make sure the first parameter to `mongoose.connect()` or `mongoose.createConnection()` is a string.
 [right meow!] error: Failed to connect database The `uri` parameter to `openUri()` must be a string, got "undefined". Make sure the first parameter to `mongoose.connect()` or `mongoose.createConnection()` is a string.
 [right meow!] error: Failed to connect database The `uri` parameter to `openUri()` must be a string, got "undefined". Make sure the first parameter to `mongoose.connect()` or `mongoose.createConnection()` is a string. 2023-06-03T08:07:14.128Z
undefined [right meow!] error: Failed to connect database The `uri` parameter to `openUri()` must be a string, got "undefined". Make sure the first parameter to `mongoose.connect()` or `mongoose.createConnection()` is a string. 2023-06-03T08:07:37.907Z
undefined [right meow!] error: Failed to connect database The `uri` parameter to `openUri()` must be a string, got "undefined". Make sure the first parameter to `mongoose.connect()` or `mongoose.createConnection()` is a string. 2023-06-03T08:07:39.399Z
function toDateString() { [native code] } [right meow!] error: Failed to connect database The `uri` parameter to `openUri()` must be a string, got "undefined". Make sure the first parameter to `mongoose.connect()` or `mongoose.createConnection()` is a string. 2023-06-03T08:07:40.928Z
function toDateString() { [native code] } [right meow!] error: Failed to connect database The `uri` parameter to `openUri()` must be a string, got "undefined". Make sure the first parameter to `mongoose.connect()` or `mongoose.createConnection()` is a string. 2023-06-03T08:07:44.937Z
Sat Jun 03 2023 [right meow!] error: Failed to connect database The `uri` parameter to `openUri()` must be a string, got "undefined". Make sure the first parameter to `mongoose.connect()` or `mongoose.createConnection()` is a string. 2023-06-03T08:07:55.434Z
Sat Jun 03 2023 [right meow!] error: Failed to connect database The `uri` parameter to `openUri()` must be a string, got "undefined". Make sure the first parameter to `mongoose.connect()` or `mongoose.createConnection()` is a string. 2023-06-03T08:08:01.402Z
Sat Jun 03 2023 [right meow!] error: Failed to connect database The `uri` parameter to `openUri()` must be a string, got "undefined". Make sure the first parameter to `mongoose.connect()` or `mongoose.createConnection()` is a string. 2023-06-03T08:08:07.361Z
Sat Jun 03 2023 14: 33  } [right meow!] error: Failed to connect database The `uri` parameter to `openUri()` must be a string, got "undefined". Make sure the first parameter to `mongoose.connect()` or `mongoose.createConnection()` is a string. 2023-06-03T08:33:49.090Z
Sat Jun 03 2023 14: 34:  } [right meow!] error: Failed to connect database The `uri` parameter to `openUri()` must be a string, got "undefined". Make sure the first parameter to `mongoose.connect()` or `mongoose.createConnection()` is a string. 2023-06-03T08:34:05.490Z
Sat Jun 03 2023 14: 34:11  } [right meow!] error: Failed to connect database The `uri` parameter to `openUri()` must be a string, got "undefined". Make sure the first parameter to `mongoose.connect()` or `mongoose.createConnection()` is a string. 2023-06-03T08:34:11.925Z
