{"level":"info","message":" Database is connected successfully"}
{"level":"info","message":"Application listening on port 5000"}
{"level":"info","message":" Database is connected successfully"}
{"level":"info","message":"Application listening on port 5000"}
{"level":"info","message":" Database is connected successfully"}
{"level":"info","message":"Application listening on port 5000"}
{"level":"info","message":" Database is connected successfully"}
{"level":"info","message":"Application listening on port 5000"}
{"level":"info","message":" Database is connected successfully"}
{"level":"info","message":"Application listening on port 5000"}
{"level":"info","message":" Database is connected successfully"}
{"level":"info","message":"Application listening on port 5000"}
{"level":"info","message":" Database is connected successfully"}
{"level":"info","message":"Application listening on port 5000"}
2023-06-03T08:02:00.081Z [right meow!] info:  Database is connected successfully
2023-06-03T08:02:00.090Z [right meow!] info: Application listening on port 5000
2023-06-03T08:02:27.684Z [right meow!] info:  Database is connected successfully
2023-06-03T08:02:27.696Z [right meow!] info: Application listening on port 5000
Sat Jun 03 2023 14: 34:35  } [PH] info:  Database is connected successfully 2023-06-03T08:34:35.196Z
Sat Jun 03 2023 14: 34:35  } [PH] info: Application listening on port 5000 2023-06-03T08:34:35.226Z
Sat Jun 03 2023 14: 36:5  } [PH] info:  Database is connected successfully 2023-06-03T08:36:05.481Z
Sat Jun 03 2023 14: 36:5  } [PH] info: Application listening on port 5000 2023-06-03T08:36:05.488Z
{
  message: ' Database is connected successfully',
  level: 'info',
  label: 'PH',
  timestamp: '2023-06-03T08:36:22.133Z'
}
{
  message: 'Application listening on port 5000',
  level: 'info',
  label: 'PH',
  timestamp: '2023-06-03T08:36:22.151Z'
}
{
  message: ' Database is connected successfully',
  level: 'info',
  label: 'PH',
  timestamp: '2023-06-03T08:36:44.793Z'
}
{
  message: 'Application listening on port 5000',
  level: 'info',
  label: 'PH',
  timestamp: '2023-06-03T08:36:44.804Z'
}
